#
# A fatal error has been detected by the Java Runtime Environment:
#
#  Internal Error (safepoint.cpp:860), pid=23804, tid=82695
#  fatal error: Illegal threadstate encountered: 4
#
# JRE version: Java(TM) SE Runtime Environment (10.0.2+13) (build 10.0.2+13)
# Java VM: Java HotSpot(TM) 64-Bit Server VM (10.0.2+13, mixed mode, tiered, compressed oops, g1 gc, bsd-amd64)
# No core dump will be written. Core dumps have been disabled. To enable core dumping, try "ulimit -c unlimited" before starting Java again
#
# If you would like to submit a bug report, please visit:
#   http://bugreport.java.com/bugreport/crash.jsp
# The crash happened outside the Java Virtual Machine in native code.
# See problematic frame for where to report the bug.
#

---------------  S U M M A R Y ------------

Command Line: -javaagent:/Applications/IntelliJ IDEA.app/Contents/lib/idea_rt.jar=57139:/Applications/IntelliJ IDEA.app/Contents/bin -Dfile.encoding=UTF-8 proj10LoverudeTymkiwCorrell.Main

Host: MacBookPro18,3 x86_64 2400 MHz, 8 cores, 32G, Darwin 21.4.0
Time: Wed Mar 16 16:36:07 2022 EDT elapsed time: 20 seconds (0d 0h 0m 20s)

---------------  T H R E A D  ---------------

Current thread (0x00007fab6e8b0800):  JavaThread "InvokeLaterDispatcher" daemon [_thread_in_native, id=82695, stack(0x000000030abb7000,0x000000030acb7000)]

Stack: [0x000000030abb7000,0x000000030acb7000],  sp=0x000000030acb5320,  free space=1016k
Native frames: (J=compiled Java code, A=aot compiled Java code, j=interpreted, Vv=VM code, C=native code)
V  [libjvm.dylib+0x799cb1]  _ZN7VMError14report_and_dieEiPKcS1_P13__va_list_tagP6ThreadPhPvS7_S1_im+0x4df
V  [libjvm.dylib+0x79a374]  _ZN7VMError14report_and_dieEP6ThreadPKciS3_S3_P13__va_list_tag+0x4a
V  [libjvm.dylib+0x28bd01]  _Z12report_fatalPKciS0_z+0xc0
V  [libjvm.dylib+0x6af2fe]  _ZN20SafepointSynchronize5blockEP10JavaThread+0x172
V  [libjvm.dylib+0x747deb]  _ZN10JavaThread44check_safepoint_and_suspend_for_native_transEPS_+0xd5
V  [libjvm.dylib+0x765bdf]  _ZN21ThreadStateTransition22transition_from_nativeEP10JavaThread15JavaThreadState+0x3f
V  [libjvm.dylib+0x41130d]  jni_DeleteGlobalRef+0x46
C  [libglass.dylib+0x49a1]  -[GlassRunnable dealloc]+0x31
C  [libobjc.A.dylib+0x25fa8]  _ZN11objc_object17sidetable_releaseEbb+0xee
C  [Foundation+0x81bee]  -[_NSThreadPerformInfo dealloc]+0x2a
C  [libobjc.A.dylib+0x25fa8]  _ZN11objc_object17sidetable_releaseEbb+0xee
C  [Foundation+0x4e496]  -[NSObject(NSThreadPerformAdditions) performSelectorOnMainThread:withObject:waitUntilDone:]+0x7c
J 3738  com.sun.glass.ui.mac.MacApplication._submitForLaterInvocation(Ljava/lang/Runnable;)V javafx.graphics@10.0.2 (0 bytes) @ 0x00000001205571fc [0x0000000120557140+0x00000000000000bc]
J 3982 c1 com.sun.glass.ui.mac.MacApplication.submitForLaterInvocation(Ljava/lang/Runnable;)V javafx.graphics@10.0.2 (6 bytes) @ 0x00000001196369b4 [0x0000000119636940+0x0000000000000074]
j  com.sun.glass.ui.InvokeLaterDispatcher.run()V+82 javafx.graphics@10.0.2
v  ~StubRoutines::call_stub
V  [libjvm.dylib+0x3d8c0e]  _ZN9JavaCalls11call_helperEP9JavaValueRK12methodHandleP17JavaCallArgumentsP6Thread+0x216
V  [libjvm.dylib+0x3d8222]  _ZN9JavaCalls12call_virtualEP9JavaValueP5KlassP6SymbolS5_P17JavaCallArgumentsP6Thread+0x12a
V  [libjvm.dylib+0x3d82e2]  _ZN9JavaCalls12call_virtualEP9JavaValue6HandleP5KlassP6SymbolS6_P6Thread+0x6a
V  [libjvm.dylib+0x454078]  _ZL12thread_entryP10JavaThreadP6Thread+0x77
V  [libjvm.dylib+0x74679c]  _ZN10JavaThread17thread_main_innerEv+0x86
V  [libjvm.dylib+0x633a5f]  _ZL19thread_native_entryP6Thread+0x12b
C  [libsystem_pthread.dylib+0x64e1]  _pthread_start+0x7d
C  [libsystem_pthread.dylib+0x1f6b]  thread_start+0xf
C  0x0000000000000000

Java frames: (J=compiled Java code, j=interpreted, Vv=VM code)
J 3738  com.sun.glass.ui.mac.MacApplication._submitForLaterInvocation(Ljava/lang/Runnable;)V javafx.graphics@10.0.2 (0 bytes) @ 0x000000012055718c [0x0000000120557140+0x000000000000004c]
J 3982 c1 com.sun.glass.ui.mac.MacApplication.submitForLaterInvocation(Ljava/lang/Runnable;)V javafx.graphics@10.0.2 (6 bytes) @ 0x00000001196369b4 [0x0000000119636940+0x0000000000000074]
j  com.sun.glass.ui.InvokeLaterDispatcher.run()V+82 javafx.graphics@10.0.2
v  ~StubRoutines::call_stub

---------------  P R O C E S S  ---------------

Threads class SMR info:
_java_thread_list=0x0000600001c603e0, length=22, elements={
0x00007fab6c80e000, 0x00007fab6d02e800, 0x00007fab6d031800, 0x00007fab6d02f800,
0x00007fab6d030800, 0x00007fab6d80f800, 0x00007fab5c938000, 0x00007fab5c939000,
0x00007fab6d810800, 0x00007fab6c808800, 0x00007fab5ca32800, 0x00007fab6c865000,
0x00007fab6c850800, 0x00007fab6e8b0800, 0x00007fab6d14e800, 0x00007fab6d16b000,
0x00007fab5cac0800, 0x00007fab6d8ee800, 0x00007fab6ca76800, 0x00007fab5cd71000,
0x00007fab5cdab000, 0x00007fab5c9d4000
}

Java Threads: ( => current thread )
  0x00007fab6c80e000 JavaThread "main" [_thread_blocked, id=9731, stack(0x00000003086b6000,0x00000003087b6000)]
  0x00007fab6d02e800 JavaThread "Reference Handler" daemon [_thread_blocked, id=40451, stack(0x0000000309cf8000,0x0000000309df8000)]
  0x00007fab6d031800 JavaThread "Finalizer" daemon [_thread_blocked, id=39683, stack(0x0000000309dfb000,0x0000000309efb000)]
  0x00007fab6d02f800 JavaThread "Signal Dispatcher" daemon [_thread_blocked, id=37379, stack(0x000000030a00f000,0x000000030a10f000)]
  0x00007fab6d030800 JavaThread "C2 CompilerThread0" daemon [_thread_blocked, id=26115, stack(0x000000030a112000,0x000000030a212000)]
  0x00007fab6d80f800 JavaThread "C2 CompilerThread1" daemon [_thread_blocked, id=26627, stack(0x000000030a215000,0x000000030a315000)]
  0x00007fab5c938000 JavaThread "C2 CompilerThread2" daemon [_thread_blocked, id=27139, stack(0x000000030a318000,0x000000030a418000)]
  0x00007fab5c939000 JavaThread "C1 CompilerThread3" daemon [_thread_blocked, id=27651, stack(0x000000030a41b000,0x000000030a51b000)]
  0x00007fab6d810800 JavaThread "Sweeper thread" daemon [_thread_blocked, id=28163, stack(0x000000030a51e000,0x000000030a61e000)]
  0x00007fab6c808800 JavaThread "Common-Cleaner" daemon [_thread_blocked, id=34051, stack(0x000000030a621000,0x000000030a721000)]
  0x00007fab5ca32800 JavaThread "Monitor Ctrl-Break" daemon [_thread_in_native, id=29699, stack(0x000000030a724000,0x000000030a824000)]
  0x00007fab6c865000 JavaThread "Service Thread" daemon [_thread_blocked, id=30211, stack(0x000000030a827000,0x000000030a927000)]
  0x00007fab6c850800 JavaThread "QuantumRenderer-0" daemon [_thread_blocked, id=30979, stack(0x000000030aa2d000,0x000000030ab2d000)]
=>0x00007fab6e8b0800 JavaThread "InvokeLaterDispatcher" daemon [_thread_in_native, id=82695, stack(0x000000030abb7000,0x000000030acb7000)]
  0x00007fab6d14e800 JavaThread "JavaFX Application Thread" [_thread_in_native_trans, id=259, stack(0x0000000307e33000,0x0000000308633000)]
  0x00007fab6d16b000 JavaThread "Thread-2" daemon [_thread_in_native, id=74755, stack(0x000000030acba000,0x000000030ad3a000)]
  0x00007fab5cac0800 JavaThread "JavaFX-Launcher" [_thread_blocked, id=68355, stack(0x000000030aecf000,0x000000030afcf000)]
  0x00007fab6d8ee800 JavaThread "Java2D Disposer" daemon [_thread_blocked, id=65031, stack(0x000000030afd2000,0x000000030b0d2000)]
  0x00007fab6ca76800 JavaThread "Attach Listener" daemon [_thread_blocked, id=65551, stack(0x000000030b0d5000,0x000000030b1d5000)]
  0x00007fab5cd71000 JavaThread "Prism Font Disposer" daemon [_thread_blocked, id=173059, stack(0x000000030b1d8000,0x000000030b2d8000)]
  0x00007fab5cdab000 JavaThread "Cleaner-0" daemon [_thread_blocked, id=95235, stack(0x000000030b2db000,0x000000030b3db000)]
  0x00007fab5c9d4000 JavaThread "pool-2-thread-1" [_thread_blocked, id=164355, stack(0x000000030b3de000,0x000000030b4de000)]

Other Threads:
  0x00007fab5c919000 VMThread "VM Thread" [stack: 0x0000000309bf5000,0x0000000309cf5000] [id=22787]
  0x00007fab6e8a3800 WatcherThread [stack: 0x000000030a92a000,0x000000030aa2a000] [id=30523]
  0x00007fab5c80e000 GCTaskThread "GC Thread#0" [stack: 0x00000003087b9000,0x00000003088b9000] [id=11779]
  0x00007fab5c80e800 GCTaskThread "GC Thread#1" [stack: 0x00000003088bc000,0x00000003089bc000] [id=19715]
  0x00007fab5c80f800 GCTaskThread "GC Thread#2" [stack: 0x00000003089bf000,0x0000000308abf000] [id=19203]
  0x00007fab5c810000 GCTaskThread "GC Thread#3" [stack: 0x0000000308ac2000,0x0000000308bc2000] [id=12547]
  0x00007fab6d00a800 GCTaskThread "GC Thread#4" [stack: 0x0000000308bc5000,0x0000000308cc5000] [id=18691]
  0x00007fab6d00b800 GCTaskThread "GC Thread#5" [stack: 0x0000000308cc8000,0x0000000308dc8000] [id=13059]
  0x00007fab6d00c000 GCTaskThread "GC Thread#6" [stack: 0x0000000308dcb000,0x0000000308ecb000] [id=18179]
  0x00007fab6d00d000 GCTaskThread "GC Thread#7" [stack: 0x0000000308ece000,0x0000000308fce000] [id=13315]
  0x00007fab6d02c800 ConcurrentGCThread "G1 Main Marker" [stack: 0x0000000308fd1000,0x00000003090d1000] [id=17667]
  0x00007fab6d02d000 ConcurrentGCThread "G1 Conc#0" [stack: 0x00000003090d4000,0x00000003091d4000] [id=16899]
  0x00007fab6d02e000 ConcurrentGCThread "G1 Conc#1" [stack: 0x00000003091d7000,0x00000003092d7000] [id=14339]
  0x00007fab5c911000 ConcurrentGCThread "G1 Refine#0" [stack: 0x00000003092da000,0x00000003093da000] [id=16387]
  0x00007fab5c911800 ConcurrentGCThread "G1 Refine#1" [stack: 0x00000003093dd000,0x00000003094dd000] [id=15875]
  0x00007fab3c808800 ConcurrentGCThread "G1 Refine#2" [stack: 0x00000003094e0000,0x00000003095e0000] [id=14595]
  0x00007fab3c809000 ConcurrentGCThread "G1 Refine#3" [stack: 0x00000003095e3000,0x00000003096e3000] [id=15107]
  0x00007fab3c80a000 ConcurrentGCThread "G1 Refine#4" [stack: 0x00000003096e6000,0x00000003097e6000] [id=21763]
  0x00007fab3c80a800 ConcurrentGCThread "G1 Refine#5" [stack: 0x00000003097e9000,0x00000003098e9000] [id=43011]
  0x00007fab3c80b800 ConcurrentGCThread "G1 Refine#6" [stack: 0x00000003098ec000,0x00000003099ec000] [id=42755]
  0x00007fab3c80c000 ConcurrentGCThread "G1 Refine#7" [stack: 0x00000003099ef000,0x0000000309aef000] [id=22275]
  0x00007fab3c80d000 ConcurrentGCThread "G1 Young RemSet Sampling" [stack: 0x0000000309af2000,0x0000000309bf2000] [id=22531]

Threads with active compile tasks:

VM state:not at safepoint (normal execution)

VM Mutex/Monitor currently owned by a thread: None

Heap address: 0x00000005c0000000, size: 8192 MB, Compressed Oops mode: Zero based, Oop shift amount: 3
Narrow klass base: 0x0000000000000000, Narrow klass shift: 3
Compressed class space size: 1073741824 Address: 0x00000007c0000000

Heap:
 garbage-first heap   total 524288K, used 45192K [0x00000005c0000000, 0x00000007c0000000)
  region size 2048K, 19 young (38912K), 1 survivors (2048K)
 Metaspace       used 31745K, capacity 33363K, committed 33584K, reserved 1077248K
  class space    used 4184K, capacity 4900K, committed 4912K, reserved 1048576K
Heap Regions: E=young(eden), S=young(survivor), O=old, HS=humongous(starts), HC=humongous(continues), CS=collection set, F=free, A=archive, TS=gc time stamp, AC=allocation context, TAMS=top-at-mark-start (previous, next)
|   0|0x00000005c0000000, 0x00000005c0200000, 0x00000005c0200000|100%| O|  |TS  0|AC  0|TAMS 0x00000005c0200000, 0x00000005c0200000|
|   1|0x00000005c0200000, 0x00000005c0400000, 0x00000005c0400000|100%| O|  |TS  0|AC  0|TAMS 0x00000005c0400000, 0x00000005c0400000|
|   2|0x00000005c0400000, 0x00000005c056e800, 0x00000005c0600000| 71%| O|  |TS  0|AC  0|TAMS 0x00000005c056e800, 0x00000005c056e800|
|   3|0x00000005c0600000, 0x00000005c0800000, 0x00000005c0800000|100%|HS|  |TS  0|AC  0|TAMS 0x00000005c0600000, 0x00000005c0600000|
|   4|0x00000005c0800000, 0x00000005c0a00000, 0x00000005c0a00000|100%|HS|  |TS  0|AC  0|TAMS 0x00000005c0800000, 0x00000005c0800000|
|   5|0x00000005c0a00000, 0x00000005c0a00000, 0x00000005c0c00000|  0%| F|  |TS  0|AC  0|TAMS 0x00000005c0a00000, 0x00000005c0a00000|
|   6|0x00000005c0c00000, 0x00000005c0c00000, 0x00000005c0e00000|  0%| F|  |TS  0|AC  0|TAMS 0x00000005c0c00000, 0x00000005c0c00000|
|   7|0x00000005c0e00000, 0x00000005c0e00000, 0x00000005c1000000|  0%| F|  |TS  0|AC  0|TAMS 0x00000005c0e00000, 0x00000005c0e00000|
|   8|0x00000005c1000000, 0x00000005c1000000, 0x00000005c1200000|  0%| F|  |TS  0|AC  0|TAMS 0x00000005c1000000, 0x00000005c1000000|
|   9|0x00000005c1200000, 0x00000005c1200000, 0x00000005c1400000|  0%| F|  |TS  0|AC  0|TAMS 0x00000005c1200000, 0x00000005c1200000|
|  10|0x00000005c1400000, 0x00000005c1400000, 0x00000005c1600000|  0%| F|  |TS  0|AC  0|TAMS 0x00000005c1400000, 0x00000005c1400000|
|  11|0x00000005c1600000, 0x00000005c1600000, 0x00000005c1800000|  0%| F|  |TS  0|AC  0|TAMS 0x00000005c1600000, 0x00000005c1600000|
|  12|0x00000005c1800000, 0x00000005c1800000, 0x00000005c1a00000|  0%| F|  |TS  0|AC  0|TAMS 0x00000005c1800000, 0x00000005c1800000|
|  13|0x00000005c1a00000, 0x00000005c1a00000, 0x00000005c1c00000|  0%| F|  |TS  0|AC  0|TAMS 0x00000005c1a00000, 0x00000005c1a00000|
|  14|0x00000005c1c00000, 0x00000005c1c00000, 0x00000005c1e00000|  0%| F|  |TS  0|AC  0|TAMS 0x00000005c1c00000, 0x00000005c1c00000|
|  15|0x00000005c1e00000, 0x00000005c1e00000, 0x00000005c2000000|  0%| F|  |TS  0|AC  0|TAMS 0x00000005c1e00000, 0x00000005c1e00000|
|  16|0x00000005c2000000, 0x00000005c2000000, 0x00000005c2200000|  0%| F|  |TS  0|AC  0|TAMS 0x00000005c2000000, 0x00000005c2000000|
|  17|0x00000005c2200000, 0x00000005c2200000, 0x00000005c2400000|  0%| F|  |TS  0|AC  0|TAMS 0x00000005c2200000, 0x00000005c2200000|
|  18|0x00000005c2400000, 0x00000005c2400000, 0x00000005c2600000|  0%| F|  |TS  0|AC  0|TAMS 0x00000005c2400000, 0x00000005c2400000|
|  19|0x00000005c2600000, 0x00000005c2600000, 0x00000005c2800000|  0%| F|  |TS  0|AC  0|TAMS 0x00000005c2600000, 0x00000005c2600000|
|  20|0x00000005c2800000, 0x00000005c2800000, 0x00000005c2a00000|  0%| F|  |TS  0|AC  0|TAMS 0x00000005c2800000, 0x00000005c2800000|
|  21|0x00000005c2a00000, 0x00000005c2a00000, 0x00000005c2c00000|  0%| F|  |TS  0|AC  0|TAMS 0x00000005c2a00000, 0x00000005c2a00000|
|  22|0x00000005c2c00000, 0x00000005c2c00000, 0x00000005c2e00000|  0%| F|  |TS  0|AC  0|TAMS 0x00000005c2c00000, 0x00000005c2c00000|
|  23|0x00000005c2e00000, 0x00000005c2e00000, 0x00000005c3000000|  0%| F|  |TS  0|AC  0|TAMS 0x00000005c2e00000, 0x00000005c2e00000|
|  24|0x00000005c3000000, 0x00000005c3000000, 0x00000005c3200000|  0%| F|  |TS  0|AC  0|TAMS 0x00000005c3000000, 0x00000005c3000000|
|  25|0x00000005c3200000, 0x00000005c3200000, 0x00000005c3400000|  0%| F|  |TS  0|AC  0|TAMS 0x00000005c3200000, 0x00000005c3200000|
|  26|0x00000005c3400000, 0x00000005c3400000, 0x00000005c3600000|  0%| F|  |TS  0|AC  0|TAMS 0x00000005c3400000, 0x00000005c3400000|
|  27|0x00000005c3600000, 0x00000005c3600000, 0x00000005c3800000|  0%| F|  |TS  0|AC  0|TAMS 0x00000005c3600000, 0x00000005c3600000|
|  28|0x00000005c3800000, 0x00000005c3800000, 0x00000005c3a00000|  0%| F|  |TS  0|AC  0|TAMS 0x00000005c3800000, 0x00000005c3800000|
|  29|0x00000005c3a00000, 0x00000005c3a00000, 0x00000005c3c00000|  0%| F|  |TS  0|AC  0|TAMS 0x00000005c3a00000, 0x00000005c3a00000|
|  30|0x00000005c3c00000, 0x00000005c3c00000, 0x00000005c3e00000|  0%| F|  |TS  0|AC  0|TAMS 0x00000005c3c00000, 0x00000005c3c00000|
|  31|0x00000005c3e00000, 0x00000005c3e00000, 0x00000005c4000000|  0%| F|  |TS  0|AC  0|TAMS 0x00000005c3e00000, 0x00000005c3e00000|
|  32|0x00000005c4000000, 0x00000005c4000000, 0x00000005c4200000|  0%| F|  |TS  0|AC  0|TAMS 0x00000005c4000000, 0x00000005c4000000|
|  33|0x00000005c4200000, 0x00000005c4200000, 0x00000005c4400000|  0%| F|  |TS  0|AC  0|TAMS 0x00000005c4200000, 0x00000005c4200000|
|  34|0x00000005c4400000, 0x00000005c4400000, 0x00000005c4600000|  0%| F|  |TS  0|AC  0|TAMS 0x00000005c4400000, 0x00000005c4400000|
|  35|0x00000005c4600000, 0x00000005c4600000, 0x00000005c4800000|  0%| F|  |TS  0|AC  0|TAMS 0x00000005c4600000, 0x00000005c4600000|
|  36|0x00000005c4800000, 0x00000005c4800000, 0x00000005c4a00000|  0%| F|  |TS  0|AC  0|TAMS 0x00000005c4800000, 0x00000005c4800000|
|  37|0x00000005c4a00000, 0x00000005c4a00000, 0x00000005c4c00000|  0%| F|  |TS  0|AC  0|TAMS 0x00000005c4a00000, 0x00000005c4a00000|
|  38|0x00000005c4c00000, 0x00000005c4c00000, 0x00000005c4e00000|  0%| F|  |TS  0|AC  0|TAMS 0x00000005c4c00000, 0x00000005c4c00000|
|  39|0x00000005c4e00000, 0x00000005c4e00000, 0x00000005c5000000|  0%| F|  |TS  0|AC  0|TAMS 0x00000005c4e00000, 0x00000005c4e00000|
|  40|0x00000005c5000000, 0x00000005c5000000, 0x00000005c5200000|  0%| F|  |TS  0|AC  0|TAMS 0x00000005c5000000, 0x00000005c5000000|
|  41|0x00000005c5200000, 0x00000005c5200000, 0x00000005c5400000|  0%| F|  |TS  0|AC  0|TAMS 0x00000005c5200000, 0x00000005c5200000|
|  42|0x00000005c5400000, 0x00000005c5400000, 0x00000005c5600000|  0%| F|  |TS  0|AC  0|TAMS 0x00000005c5400000, 0x00000005c5400000|
|  43|0x00000005c5600000, 0x00000005c5600000, 0x00000005c5800000|  0%| F|  |TS  0|AC  0|TAMS 0x00000005c5600000, 0x00000005c5600000|
|  44|0x00000005c5800000, 0x00000005c5800000, 0x00000005c5a00000|  0%| F|  |TS  0|AC  0|TAMS 0x00000005c5800000, 0x00000005c5800000|
|  45|0x00000005c5a00000, 0x00000005c5a00000, 0x00000005c5c00000|  0%| F|  |TS  0|AC  0|TAMS 0x00000005c5a00000, 0x00000005c5a00000|
|  46|0x00000005c5c00000, 0x00000005c5c00000, 0x00000005c5e00000|  0%| F|  |TS  0|AC  0|TAMS 0x00000005c5c00000, 0x00000005c5c00000|
|  47|0x00000005c5e00000, 0x00000005c5e00000, 0x00000005c6000000|  0%| F|  |TS  0|AC  0|TAMS 0x00000005c5e00000, 0x00000005c5e00000|
|  48|0x00000005c6000000, 0x00000005c6000000, 0x00000005c6200000|  0%| F|  |TS  0|AC  0|TAMS 0x00000005c6000000, 0x00000005c6000000|
|  49|0x00000005c6200000, 0x00000005c6200000, 0x00000005c6400000|  0%| F|  |TS  0|AC  0|TAMS 0x00000005c6200000, 0x00000005c6200000|
|  50|0x00000005c6400000, 0x00000005c6400000, 0x00000005c6600000|  0%| F|  |TS  0|AC  0|TAMS 0x00000005c6400000, 0x00000005c6400000|
|  51|0x00000005c6600000, 0x00000005c6600000, 0x00000005c6800000|  0%| F|  |TS  0|AC  0|TAMS 0x00000005c6600000, 0x00000005c6600000|
|  52|0x00000005c6800000, 0x00000005c6800000, 0x00000005c6a00000|  0%| F|  |TS  0|AC  0|TAMS 0x00000005c6800000, 0x00000005c6800000|
|  53|0x00000005c6a00000, 0x00000005c6a00000, 0x00000005c6c00000|  0%| F|  |TS  0|AC  0|TAMS 0x00000005c6a00000, 0x00000005c6a00000|
|  54|0x00000005c6c00000, 0x00000005c6c00000, 0x00000005c6e00000|  0%| F|  |TS  0|AC  0|TAMS 0x00000005c6c00000, 0x00000005c6c00000|
|  55|0x00000005c6e00000, 0x00000005c6e00000, 0x00000005c7000000|  0%| F|  |TS  0|AC  0|TAMS 0x00000005c6e00000, 0x00000005c6e00000|
|  56|0x00000005c7000000, 0x00000005c7000000, 0x00000005c7200000|  0%| F|  |TS  0|AC  0|TAMS 0x00000005c7000000, 0x00000005c7000000|
|  57|0x00000005c7200000, 0x00000005c7200000, 0x00000005c7400000|  0%| F|  |TS  0|AC  0|TAMS 0x00000005c7200000, 0x00000005c7200000|
|  58|0x00000005c7400000, 0x00000005c7400000, 0x00000005c7600000|  0%| F|  |TS  0|AC  0|TAMS 0x00000005c7400000, 0x00000005c7400000|
|  59|0x00000005c7600000, 0x00000005c7600000, 0x00000005c7800000|  0%| F|  |TS  0|AC  0|TAMS 0x00000005c7600000, 0x00000005c7600000|
|  60|0x00000005c7800000, 0x00000005c7800000, 0x00000005c7a00000|  0%| F|  |TS  0|AC  0|TAMS 0x00000005c7800000, 0x00000005c7800000|
|  61|0x00000005c7a00000, 0x00000005c7a00000, 0x00000005c7c00000|  0%| F|  |TS  0|AC  0|TAMS 0x00000005c7a00000, 0x00000005c7a00000|
|  62|0x00000005c7c00000, 0x00000005c7c00000, 0x00000005c7e00000|  0%| F|  |TS  0|AC  0|TAMS 0x00000005c7c00000, 0x00000005c7c00000|
|  63|0x00000005c7e00000, 0x00000005c7e00000, 0x00000005c8000000|  0%| F|  |TS  0|AC  0|TAMS 0x00000005c7e00000, 0x00000005c7e00000|
|  64|0x00000005c8000000, 0x00000005c8000000, 0x00000005c8200000|  0%| F|  |TS  0|AC  0|TAMS 0x00000005c8000000, 0x00000005c8000000|
|  65|0x00000005c8200000, 0x00000005c8200000, 0x00000005c8400000|  0%| F|  |TS  0|AC  0|TAMS 0x00000005c8200000, 0x00000005c8200000|
|  66|0x00000005c8400000, 0x00000005c8400000, 0x00000005c8600000|  0%| F|  |TS  0|AC  0|TAMS 0x00000005c8400000, 0x00000005c8400000|
|  67|0x00000005c8600000, 0x00000005c8600000, 0x00000005c8800000|  0%| F|  |TS  0|AC  0|TAMS 0x00000005c8600000, 0x00000005c8600000|
|  68|0x00000005c8800000, 0x00000005c8800000, 0x00000005c8a00000|  0%| F|  |TS  0|AC  0|TAMS 0x00000005c8800000, 0x00000005c8800000|
|  69|0x00000005c8a00000, 0x00000005c8a00000, 0x00000005c8c00000|  0%| F|  |TS  0|AC  0|TAMS 0x00000005c8a00000, 0x00000005c8a00000|
|  70|0x00000005c8c00000, 0x00000005c8c00000, 0x00000005c8e00000|  0%| F|  |TS  0|AC  0|TAMS 0x00000005c8c00000, 0x00000005c8c00000|
|  71|0x00000005c8e00000, 0x00000005c8e00000, 0x00000005c9000000|  0%| F|  |TS  0|AC  0|TAMS 0x00000005c8e00000, 0x00000005c8e00000|
|  72|0x00000005c9000000, 0x00000005c9000000, 0x00000005c9200000|  0%| F|  |TS  0|AC  0|TAMS 0x00000005c9000000, 0x00000005c9000000|
|  73|0x00000005c9200000, 0x00000005c9200000, 0x00000005c9400000|  0%| F|  |TS  0|AC  0|TAMS 0x00000005c9200000, 0x00000005c9200000|
|  74|0x00000005c9400000, 0x00000005c9400000, 0x00000005c9600000|  0%| F|  |TS  0|AC  0|TAMS 0x00000005c9400000, 0x00000005c9400000|
|  75|0x00000005c9600000, 0x00000005c9600000, 0x00000005c9800000|  0%| F|  |TS  0|AC  0|TAMS 0x00000005c9600000, 0x00000005c9600000|
|  76|0x00000005c9800000, 0x00000005c9800000, 0x00000005c9a00000|  0%| F|  |TS  0|AC  0|TAMS 0x00000005c9800000, 0x00000005c9800000|
|  77|0x00000005c9a00000, 0x00000005c9a00000, 0x00000005c9c00000|  0%| F|  |TS  0|AC  0|TAMS 0x00000005c9a00000, 0x00000005c9a00000|
|  78|0x00000005c9c00000, 0x00000005c9c00000, 0x00000005c9e00000|  0%| F|  |TS  0|AC  0|TAMS 0x00000005c9c00000, 0x00000005c9c00000|
|  79|0x00000005c9e00000, 0x00000005c9e00000, 0x00000005ca000000|  0%| F|  |TS  0|AC  0|TAMS 0x00000005c9e00000, 0x00000005c9e00000|
|  80|0x00000005ca000000, 0x00000005ca000000, 0x00000005ca200000|  0%| F|  |TS  0|AC  0|TAMS 0x00000005ca000000, 0x00000005ca000000|
|  81|0x00000005ca200000, 0x00000005ca200000, 0x00000005ca400000|  0%| F|  |TS  0|AC  0|TAMS 0x00000005ca200000, 0x00000005ca200000|
|  82|0x00000005ca400000, 0x00000005ca400000, 0x00000005ca600000|  0%| F|  |TS  0|AC  0|TAMS 0x00000005ca400000, 0x00000005ca400000|
|  83|0x00000005ca600000, 0x00000005ca600000, 0x00000005ca800000|  0%| F|  |TS  0|AC  0|TAMS 0x00000005ca600000, 0x00000005ca600000|
|  84|0x00000005ca800000, 0x00000005ca800000, 0x00000005caa00000|  0%| F|  |TS  0|AC  0|TAMS 0x00000005ca800000, 0x00000005ca800000|
|  85|0x00000005caa00000, 0x00000005caa00000, 0x00000005cac00000|  0%| F|  |TS  0|AC  0|TAMS 0x00000005caa00000, 0x00000005caa00000|
|  86|0x00000005cac00000, 0x00000005cac00000, 0x00000005cae00000|  0%| F|  |TS  0|AC  0|TAMS 0x00000005cac00000, 0x00000005cac00000|
|  87|0x00000005cae00000, 0x00000005cae00000, 0x00000005cb000000|  0%| F|  |TS  0|AC  0|TAMS 0x00000005cae00000, 0x00000005cae00000|
|  88|0x00000005cb000000, 0x00000005cb000000, 0x00000005cb200000|  0%| F|  |TS  0|AC  0|TAMS 0x00000005cb000000, 0x00000005cb000000|
|  89|0x00000005cb200000, 0x00000005cb200000, 0x00000005cb400000|  0%| F|  |TS  0|AC  0|TAMS 0x00000005cb200000, 0x00000005cb200000|
|  90|0x00000005cb400000, 0x00000005cb400000, 0x00000005cb600000|  0%| F|  |TS  0|AC  0|TAMS 0x00000005cb400000, 0x00000005cb400000|
|  91|0x00000005cb600000, 0x00000005cb600000, 0x00000005cb800000|  0%| F|  |TS  0|AC  0|TAMS 0x00000005cb600000, 0x00000005cb600000|
|  92|0x00000005cb800000, 0x00000005cb800000, 0x00000005cba00000|  0%| F|  |TS  0|AC  0|TAMS 0x00000005cb800000, 0x00000005cb800000|
|  93|0x00000005cba00000, 0x00000005cba00000, 0x00000005cbc00000|  0%| F|  |TS  0|AC  0|TAMS 0x00000005cba00000, 0x00000005cba00000|
|  94|0x00000005cbc00000, 0x00000005cbc00000, 0x00000005cbe00000|  0%| F|  |TS  0|AC  0|TAMS 0x00000005cbc00000, 0x00000005cbc00000|
|  95|0x00000005cbe00000, 0x00000005cbe00000, 0x00000005cc000000|  0%| F|  |TS  0|AC  0|TAMS 0x00000005cbe00000, 0x00000005cbe00000|
|  96|0x00000005cc000000, 0x00000005cc000000, 0x00000005cc200000|  0%| F|  |TS  0|AC  0|TAMS 0x00000005cc000000, 0x00000005cc000000|
|  97|0x00000005cc200000, 0x00000005cc200000, 0x00000005cc400000|  0%| F|  |TS  0|AC  0|TAMS 0x00000005cc200000, 0x00000005cc200000|
|  98|0x00000005cc400000, 0x00000005cc400000, 0x00000005cc600000|  0%| F|  |TS  0|AC  0|TAMS 0x00000005cc400000, 0x00000005cc400000|
|  99|0x00000005cc600000, 0x00000005cc600000, 0x00000005cc800000|  0%| F|  |TS  0|AC  0|TAMS 0x00000005cc600000, 0x00000005cc600000|
| 100|0x00000005cc800000, 0x00000005cc800000, 0x00000005cca00000|  0%| F|  |TS  0|AC  0|TAMS 0x00000005cc800000, 0x00000005cc800000|
| 101|0x00000005cca00000, 0x00000005cca00000, 0x00000005ccc00000|  0%| F|  |TS  0|AC  0|TAMS 0x00000005cca00000, 0x00000005cca00000|
| 102|0x00000005ccc00000, 0x00000005ccc00000, 0x00000005cce00000|  0%| F|  |TS  0|AC  0|TAMS 0x00000005ccc00000, 0x00000005ccc00000|
| 103|0x00000005cce00000, 0x00000005cce00000, 0x00000005cd000000|  0%| F|  |TS  0|AC  0|TAMS 0x00000005cce00000, 0x00000005cce00000|
| 104|0x00000005cd000000, 0x00000005cd000000, 0x00000005cd200000|  0%| F|  |TS  0|AC  0|TAMS 0x00000005cd000000, 0x00000005cd000000|
| 105|0x00000005cd200000, 0x00000005cd200000, 0x00000005cd400000|  0%| F|  |TS  0|AC  0|TAMS 0x00000005cd200000, 0x00000005cd200000|
| 106|0x00000005cd400000, 0x00000005cd400000, 0x00000005cd600000|  0%| F|  |TS  0|AC  0|TAMS 0x00000005cd400000, 0x00000005cd400000|
| 107|0x00000005cd600000, 0x00000005cd600000, 0x00000005cd800000|  0%| F|  |TS  0|AC  0|TAMS 0x00000005cd600000, 0x00000005cd600000|
| 108|0x00000005cd800000, 0x00000005cd800000, 0x00000005cda00000|  0%| F|  |TS  0|AC  0|TAMS 0x00000005cd800000, 0x00000005cd800000|
| 109|0x00000005cda00000, 0x00000005cda00000, 0x00000005cdc00000|  0%| F|  |TS  0|AC  0|TAMS 0x00000005cda00000, 0x00000005cda00000|
| 110|0x00000005cdc00000, 0x00000005cdc00000, 0x00000005cde00000|  0%| F|  |TS  0|AC  0|TAMS 0x00000005cdc00000, 0x00000005cdc00000|
| 111|0x00000005cde00000, 0x00000005cde00000, 0x00000005ce000000|  0%| F|  |TS  0|AC  0|TAMS 0x00000005cde00000, 0x00000005cde00000|
| 112|0x00000005ce000000, 0x00000005ce000000, 0x00000005ce200000|  0%| F|  |TS  0|AC  0|TAMS 0x00000005ce000000, 0x00000005ce000000|
| 113|0x00000005ce200000, 0x00000005ce200000, 0x00000005ce400000|  0%| F|  |TS  0|AC  0|TAMS 0x00000005ce200000, 0x00000005ce200000|
| 114|0x00000005ce400000, 0x00000005ce400000, 0x00000005ce600000|  0%| F|  |TS  0|AC  0|TAMS 0x00000005ce400000, 0x00000005ce400000|
| 115|0x00000005ce600000, 0x00000005ce600000, 0x00000005ce800000|  0%| F|  |TS  0|AC  0|TAMS 0x00000005ce600000, 0x00000005ce600000|
| 116|0x00000005ce800000, 0x00000005ce800000, 0x00000005cea00000|  0%| F|  |TS  0|AC  0|TAMS 0x00000005ce800000, 0x00000005ce800000|
| 117|0x00000005cea00000, 0x00000005cea00000, 0x00000005cec00000|  0%| F|  |TS  0|AC  0|TAMS 0x00000005cea00000, 0x00000005cea00000|
| 118|0x00000005cec00000, 0x00000005cec00000, 0x00000005cee00000|  0%| F|  |TS  0|AC  0|TAMS 0x00000005cec00000, 0x00000005cec00000|
| 119|0x00000005cee00000, 0x00000005cee00000, 0x00000005cf000000|  0%| F|  |TS  0|AC  0|TAMS 0x00000005cee00000, 0x00000005cee00000|
| 120|0x00000005cf000000, 0x00000005cf000000, 0x00000005cf200000|  0%| F|  |TS  0|AC  0|TAMS 0x00000005cf000000, 0x00000005cf000000|
| 121|0x00000005cf200000, 0x00000005cf200000, 0x00000005cf400000|  0%| F|  |TS  0|AC  0|TAMS 0x00000005cf200000, 0x00000005cf200000|
| 122|0x00000005cf400000, 0x00000005cf400000, 0x00000005cf600000|  0%| F|  |TS  0|AC  0|TAMS 0x00000005cf400000, 0x00000005cf400000|
| 123|0x00000005cf600000, 0x00000005cf600000, 0x00000005cf800000|  0%| F|  |TS  0|AC  0|TAMS 0x00000005cf600000, 0x00000005cf600000|
| 124|0x00000005cf800000, 0x00000005cf800000, 0x00000005cfa00000|  0%| F|  |TS  0|AC  0|TAMS 0x00000005cf800000, 0x00000005cf800000|
| 125|0x00000005cfa00000, 0x00000005cfa00000, 0x00000005cfc00000|  0%| F|  |TS  0|AC  0|TAMS 0x00000005cfa00000, 0x00000005cfa00000|
| 126|0x00000005cfc00000, 0x00000005cfc00000, 0x00000005cfe00000|  0%| F|  |TS  0|AC  0|TAMS 0x00000005cfc00000, 0x00000005cfc00000|
| 127|0x00000005cfe00000, 0x00000005cfe00000, 0x00000005d0000000|  0%| F|  |TS  0|AC  0|TAMS 0x00000005cfe00000, 0x00000005cfe00000|
| 128|0x00000005d0000000, 0x00000005d0000000, 0x00000005d0200000|  0%| F|  |TS  0|AC  0|TAMS 0x00000005d0000000, 0x00000005d0000000|
| 129|0x00000005d0200000, 0x00000005d0200000, 0x00000005d0400000|  0%| F|  |TS  0|AC  0|TAMS 0x00000005d0200000, 0x00000005d0200000|
| 130|0x00000005d0400000, 0x00000005d0400000, 0x00000005d0600000|  0%| F|  |TS  0|AC  0|TAMS 0x00000005d0400000, 0x00000005d0400000|
| 131|0x00000005d0600000, 0x00000005d0600000, 0x00000005d0800000|  0%| F|  |TS  0|AC  0|TAMS 0x00000005d0600000, 0x00000005d0600000|
| 132|0x00000005d0800000, 0x00000005d0800000, 0x00000005d0a00000|  0%| F|  |TS  0|AC  0|TAMS 0x00000005d0800000, 0x00000005d0800000|
| 133|0x00000005d0a00000, 0x00000005d0a00000, 0x00000005d0c00000|  0%| F|  |TS  0|AC  0|TAMS 0x00000005d0a00000, 0x00000005d0a00000|
| 134|0x00000005d0c00000, 0x00000005d0c00000, 0x00000005d0e00000|  0%| F|  |TS  0|AC  0|TAMS 0x00000005d0c00000, 0x00000005d0c00000|
| 135|0x00000005d0e00000, 0x00000005d0e00000, 0x00000005d1000000|  0%| F|  |TS  0|AC  0|TAMS 0x00000005d0e00000, 0x00000005d0e00000|
| 136|0x00000005d1000000, 0x00000005d1000000, 0x00000005d1200000|  0%| F|  |TS  0|AC  0|TAMS 0x00000005d1000000, 0x00000005d1000000|
| 137|0x00000005d1200000, 0x00000005d1200000, 0x00000005d1400000|  0%| F|  |TS  0|AC  0|TAMS 0x00000005d1200000, 0x00000005d1200000|
| 138|0x00000005d1400000, 0x00000005d1400000, 0x00000005d1600000|  0%| F|  |TS  0|AC  0|TAMS 0x00000005d1400000, 0x00000005d1400000|
| 139|0x00000005d1600000, 0x00000005d1600000, 0x00000005d1800000|  0%| F|  |TS  0|AC  0|TAMS 0x00000005d1600000, 0x00000005d1600000|
| 140|0x00000005d1800000, 0x00000005d1800000, 0x00000005d1a00000|  0%| F|  |TS  0|AC  0|TAMS 0x00000005d1800000, 0x00000005d1800000|
| 141|0x00000005d1a00000, 0x00000005d1a00000, 0x00000005d1c00000|  0%| F|  |TS  0|AC  0|TAMS 0x00000005d1a00000, 0x00000005d1a00000|
| 142|0x00000005d1c00000, 0x00000005d1c00000, 0x00000005d1e00000|  0%| F|  |TS  0|AC  0|TAMS 0x00000005d1c00000, 0x00000005d1c00000|
| 143|0x00000005d1e00000, 0x00000005d1e00000, 0x00000005d2000000|  0%| F|  |TS  0|AC  0|TAMS 0x00000005d1e00000, 0x00000005d1e00000|
| 144|0x00000005d2000000, 0x00000005d2000000, 0x00000005d2200000|  0%| F|  |TS  0|AC  0|TAMS 0x00000005d2000000, 0x00000005d2000000|
| 145|0x00000005d2200000, 0x00000005d2200000, 0x00000005d2400000|  0%| F|  |TS  0|AC  0|TAMS 0x00000005d2200000, 0x00000005d2200000|
| 146|0x00000005d2400000, 0x00000005d2400000, 0x00000005d2600000|  0%| F|  |TS  0|AC  0|TAMS 0x00000005d2400000, 0x00000005d2400000|
| 147|0x00000005d2600000, 0x00000005d2600000, 0x00000005d2800000|  0%| F|  |TS  0|AC  0|TAMS 0x00000005d2600000, 0x00000005d2600000|
| 148|0x00000005d2800000, 0x00000005d2800000, 0x00000005d2a00000|  0%| F|  |TS  0|AC  0|TAMS 0x00000005d2800000, 0x00000005d2800000|
| 149|0x00000005d2a00000, 0x00000005d2a00000, 0x00000005d2c00000|  0%| F|  |TS  0|AC  0|TAMS 0x00000005d2a00000, 0x00000005d2a00000|
| 150|0x00000005d2c00000, 0x00000005d2c00000, 0x00000005d2e00000|  0%| F|  |TS  0|AC  0|TAMS 0x00000005d2c00000, 0x00000005d2c00000|
| 151|0x00000005d2e00000, 0x00000005d2e00000, 0x00000005d3000000|  0%| F|  |TS  0|AC  0|TAMS 0x00000005d2e00000, 0x00000005d2e00000|
| 152|0x00000005d3000000, 0x00000005d3000000, 0x00000005d3200000|  0%| F|  |TS  0|AC  0|TAMS 0x00000005d3000000, 0x00000005d3000000|
| 153|0x00000005d3200000, 0x00000005d3200000, 0x00000005d3400000|  0%| F|  |TS  0|AC  0|TAMS 0x00000005d3200000, 0x00000005d3200000|
| 154|0x00000005d3400000, 0x00000005d3400000, 0x00000005d3600000|  0%| F|  |TS  0|AC  0|TAMS 0x00000005d3400000, 0x00000005d3400000|
| 155|0x00000005d3600000, 0x00000005d3600000, 0x00000005d3800000|  0%| F|  |TS  0|AC  0|TAMS 0x00000005d3600000, 0x00000005d3600000|
| 156|0x00000005d3800000, 0x00000005d3800000, 0x00000005d3a00000|  0%| F|  |TS  0|AC  0|TAMS 0x00000005d3800000, 0x00000005d3800000|
| 157|0x00000005d3a00000, 0x00000005d3a00000, 0x00000005d3c00000|  0%| F|  |TS  0|AC  0|TAMS 0x00000005d3a00000, 0x00000005d3a00000|
| 158|0x00000005d3c00000, 0x00000005d3c00000, 0x00000005d3e00000|  0%| F|  |TS  0|AC  0|TAMS 0x00000005d3c00000, 0x00000005d3c00000|
| 159|0x00000005d3e00000, 0x00000005d3e00000, 0x00000005d4000000|  0%| F|  |TS  0|AC  0|TAMS 0x00000005d3e00000, 0x00000005d3e00000|
| 160|0x00000005d4000000, 0x00000005d4000000, 0x00000005d4200000|  0%| F|  |TS  0|AC  0|TAMS 0x00000005d4000000, 0x00000005d4000000|
| 161|0x00000005d4200000, 0x00000005d4200000, 0x00000005d4400000|  0%| F|  |TS  0|AC  0|TAMS 0x00000005d4200000, 0x00000005d4200000|
| 162|0x00000005d4400000, 0x00000005d4400000, 0x00000005d4600000|  0%| F|  |TS  0|AC  0|TAMS 0x00000005d4400000, 0x00000005d4400000|
| 163|0x00000005d4600000, 0x00000005d4600000, 0x00000005d4800000|  0%| F|  |TS  0|AC  0|TAMS 0x00000005d4600000, 0x00000005d4600000|
| 164|0x00000005d4800000, 0x00000005d4800000, 0x00000005d4a00000|  0%| F|  |TS  0|AC  0|TAMS 0x00000005d4800000, 0x00000005d4800000|
| 165|0x00000005d4a00000, 0x00000005d4a00000, 0x00000005d4c00000|  0%| F|  |TS  0|AC  0|TAMS 0x00000005d4a00000, 0x00000005d4a00000|
| 166|0x00000005d4c00000, 0x00000005d4c00000, 0x00000005d4e00000|  0%| F|  |TS  0|AC  0|TAMS 0x00000005d4c00000, 0x00000005d4c00000|
| 167|0x00000005d4e00000, 0x00000005d4e00000, 0x00000005d5000000|  0%| F|  |TS  0|AC  0|TAMS 0x00000005d4e00000, 0x00000005d4e00000|
| 168|0x00000005d5000000, 0x00000005d5000000, 0x00000005d5200000|  0%| F|  |TS  0|AC  0|TAMS 0x00000005d5000000, 0x00000005d5000000|
| 169|0x00000005d5200000, 0x00000005d5200000, 0x00000005d5400000|  0%| F|  |TS  0|AC  0|TAMS 0x00000005d5200000, 0x00000005d5200000|
| 170|0x00000005d5400000, 0x00000005d5400000, 0x00000005d5600000|  0%| F|  |TS  0|AC  0|TAMS 0x00000005d5400000, 0x00000005d5400000|
| 171|0x00000005d5600000, 0x00000005d5600000, 0x00000005d5800000|  0%| F|  |TS  0|AC  0|TAMS 0x00000005d5600000, 0x00000005d5600000|
| 172|0x00000005d5800000, 0x00000005d5800000, 0x00000005d5a00000|  0%| F|  |TS  0|AC  0|TAMS 0x00000005d5800000, 0x00000005d5800000|
| 173|0x00000005d5a00000, 0x00000005d5a00000, 0x00000005d5c00000|  0%| F|  |TS  0|AC  0|TAMS 0x00000005d5a00000, 0x00000005d5a00000|
| 174|0x00000005d5c00000, 0x00000005d5c00000, 0x00000005d5e00000|  0%| F|  |TS  0|AC  0|TAMS 0x00000005d5c00000, 0x00000005d5c00000|
| 175|0x00000005d5e00000, 0x00000005d5e00000, 0x00000005d6000000|  0%| F|  |TS  0|AC  0|TAMS 0x00000005d5e00000, 0x00000005d5e00000|
| 176|0x00000005d6000000, 0x00000005d6000000, 0x00000005d6200000|  0%| F|  |TS  0|AC  0|TAMS 0x00000005d6000000, 0x00000005d6000000|
| 177|0x00000005d6200000, 0x00000005d6200000, 0x00000005d6400000|  0%| F|  |TS  0|AC  0|TAMS 0x00000005d6200000, 0x00000005d6200000|
| 178|0x00000005d6400000, 0x00000005d6400000, 0x00000005d6600000|  0%| F|  |TS  0|AC  0|TAMS 0x00000005d6400000, 0x00000005d6400000|
| 179|0x00000005d6600000, 0x00000005d6600000, 0x00000005d6800000|  0%| F|  |TS  0|AC  0|TAMS 0x00000005d6600000, 0x00000005d6600000|
| 180|0x00000005d6800000, 0x00000005d6800000, 0x00000005d6a00000|  0%| F|  |TS  0|AC  0|TAMS 0x00000005d6800000, 0x00000005d6800000|
| 181|0x00000005d6a00000, 0x00000005d6a00000, 0x00000005d6c00000|  0%| F|  |TS  0|AC  0|TAMS 0x00000005d6a00000, 0x00000005d6a00000|
| 182|0x00000005d6c00000, 0x00000005d6c00000, 0x00000005d6e00000|  0%| F|  |TS  0|AC  0|TAMS 0x00000005d6c00000, 0x00000005d6c00000|
| 183|0x00000005d6e00000, 0x00000005d6e00000, 0x00000005d7000000|  0%| F|  |TS  0|AC  0|TAMS 0x00000005d6e00000, 0x00000005d6e00000|
| 184|0x00000005d7000000, 0x00000005d7000000, 0x00000005d7200000|  0%| F|  |TS  0|AC  0|TAMS 0x00000005d7000000, 0x00000005d7000000|
| 185|0x00000005d7200000, 0x00000005d7200000, 0x00000005d7400000|  0%| F|  |TS  0|AC  0|TAMS 0x00000005d7200000, 0x00000005d7200000|
| 186|0x00000005d7400000, 0x00000005d7400000, 0x00000005d7600000|  0%| F|  |TS  0|AC  0|TAMS 0x00000005d7400000, 0x00000005d7400000|
| 187|0x00000005d7600000, 0x00000005d7600000, 0x00000005d7800000|  0%| F|  |TS  0|AC  0|TAMS 0x00000005d7600000, 0x00000005d7600000|
| 188|0x00000005d7800000, 0x00000005d7800000, 0x00000005d7a00000|  0%| F|  |TS  0|AC  0|TAMS 0x00000005d7800000, 0x00000005d7800000|
| 189|0x00000005d7a00000, 0x00000005d7a00000, 0x00000005d7c00000|  0%| F|  |TS  0|AC  0|TAMS 0x00000005d7a00000, 0x00000005d7a00000|
| 190|0x00000005d7c00000, 0x00000005d7c00000, 0x00000005d7e00000|  0%| F|  |TS  0|AC  0|TAMS 0x00000005d7c00000, 0x00000005d7c00000|
| 191|0x00000005d7e00000, 0x00000005d7e00000, 0x00000005d8000000|  0%| F|  |TS  0|AC  0|TAMS 0x00000005d7e00000, 0x00000005d7e00000|
| 192|0x00000005d8000000, 0x00000005d8000000, 0x00000005d8200000|  0%| F|  |TS  0|AC  0|TAMS 0x00000005d8000000, 0x00000005d8000000|
| 193|0x00000005d8200000, 0x00000005d8200000, 0x00000005d8400000|  0%| F|  |TS  0|AC  0|TAMS 0x00000005d8200000, 0x00000005d8200000|
| 194|0x00000005d8400000, 0x00000005d8400000, 0x00000005d8600000|  0%| F|  |TS  0|AC  0|TAMS 0x00000005d8400000, 0x00000005d8400000|
| 195|0x00000005d8600000, 0x00000005d8600000, 0x00000005d8800000|  0%| F|  |TS  0|AC  0|TAMS 0x00000005d8600000, 0x00000005d8600000|
| 196|0x00000005d8800000, 0x00000005d8800000, 0x00000005d8a00000|  0%| F|  |TS  0|AC  0|TAMS 0x00000005d8800000, 0x00000005d8800000|
| 197|0x00000005d8a00000, 0x00000005d8a00000, 0x00000005d8c00000|  0%| F|  |TS  0|AC  0|TAMS 0x00000005d8a00000, 0x00000005d8a00000|
| 198|0x00000005d8c00000, 0x00000005d8c00000, 0x00000005d8e00000|  0%| F|  |TS  0|AC  0|TAMS 0x00000005d8c00000, 0x00000005d8c00000|
| 199|0x00000005d8e00000, 0x00000005d8e00000, 0x00000005d9000000|  0%| F|  |TS  0|AC  0|TAMS 0x00000005d8e00000, 0x00000005d8e00000|
| 200|0x00000005d9000000, 0x00000005d9000000, 0x00000005d9200000|  0%| F|  |TS  0|AC  0|TAMS 0x00000005d9000000, 0x00000005d9000000|
| 201|0x00000005d9200000, 0x00000005d9200000, 0x00000005d9400000|  0%| F|  |TS  0|AC  0|TAMS 0x00000005d9200000, 0x00000005d9200000|
| 202|0x00000005d9400000, 0x00000005d9400000, 0x00000005d9600000|  0%| F|  |TS  0|AC  0|TAMS 0x00000005d9400000, 0x00000005d9400000|
| 203|0x00000005d9600000, 0x00000005d9600000, 0x00000005d9800000|  0%| F|  |TS  0|AC  0|TAMS 0x00000005d9600000, 0x00000005d9600000|
| 204|0x00000005d9800000, 0x00000005d9800000, 0x00000005d9a00000|  0%| F|  |TS  0|AC  0|TAMS 0x00000005d9800000, 0x00000005d9800000|
| 205|0x00000005d9a00000, 0x00000005d9a00000, 0x00000005d9c00000|  0%| F|  |TS  0|AC  0|TAMS 0x00000005d9a00000, 0x00000005d9a00000|
| 206|0x00000005d9c00000, 0x00000005d9c00000, 0x00000005d9e00000|  0%| F|  |TS  0|AC  0|TAMS 0x00000005d9c00000, 0x00000005d9c00000|
| 207|0x00000005d9e00000, 0x00000005d9e00000, 0x00000005da000000|  0%| F|  |TS  0|AC  0|TAMS 0x00000005d9e00000, 0x00000005d9e00000|
| 208|0x00000005da000000, 0x00000005da000000, 0x00000005da200000|  0%| F|  |TS  0|AC  0|TAMS 0x00000005da000000, 0x00000005da000000|
| 209|0x00000005da200000, 0x00000005da200000, 0x00000005da400000|  0%| F|  |TS  0|AC  0|TAMS 0x00000005da200000, 0x00000005da200000|
| 210|0x00000005da400000, 0x00000005da400000, 0x00000005da600000|  0%| F|  |TS  0|AC  0|TAMS 0x00000005da400000, 0x00000005da400000|
| 211|0x00000005da600000, 0x00000005da600000, 0x00000005da800000|  0%| F|  |TS  0|AC  0|TAMS 0x00000005da600000, 0x00000005da600000|
| 212|0x00000005da800000, 0x00000005da800000, 0x00000005daa00000|  0%| F|  |TS  0|AC  0|TAMS 0x00000005da800000, 0x00000005da800000|
| 213|0x00000005daa00000, 0x00000005daa00000, 0x00000005dac00000|  0%| F|  |TS  0|AC  0|TAMS 0x00000005daa00000, 0x00000005daa00000|
| 214|0x00000005dac00000, 0x00000005dac00000, 0x00000005dae00000|  0%| F|  |TS  0|AC  0|TAMS 0x00000005dac00000, 0x00000005dac00000|
| 215|0x00000005dae00000, 0x00000005dae00000, 0x00000005db000000|  0%| F|  |TS  0|AC  0|TAMS 0x00000005dae00000, 0x00000005dae00000|
| 216|0x00000005db000000, 0x00000005db000000, 0x00000005db200000|  0%| F|  |TS  0|AC  0|TAMS 0x00000005db000000, 0x00000005db000000|
| 217|0x00000005db200000, 0x00000005db200000, 0x00000005db400000|  0%| F|  |TS  0|AC  0|TAMS 0x00000005db200000, 0x00000005db200000|
| 218|0x00000005db400000, 0x00000005db400000, 0x00000005db600000|  0%| F|  |TS  0|AC  0|TAMS 0x00000005db400000, 0x00000005db400000|
| 219|0x00000005db600000, 0x00000005db600000, 0x00000005db800000|  0%| F|  |TS  0|AC  0|TAMS 0x00000005db600000, 0x00000005db600000|
| 220|0x00000005db800000, 0x00000005db800000, 0x00000005dba00000|  0%| F|  |TS  0|AC  0|TAMS 0x00000005db800000, 0x00000005db800000|
| 221|0x00000005dba00000, 0x00000005dba00000, 0x00000005dbc00000|  0%| F|  |TS  0|AC  0|TAMS 0x00000005dba00000, 0x00000005dba00000|
| 222|0x00000005dbc00000, 0x00000005dbc00000, 0x00000005dbe00000|  0%| F|  |TS  0|AC  0|TAMS 0x00000005dbc00000, 0x00000005dbc00000|
| 223|0x00000005dbe00000, 0x00000005dbe00000, 0x00000005dc000000|  0%| F|  |TS  0|AC  0|TAMS 0x00000005dbe00000, 0x00000005dbe00000|
| 224|0x00000005dc000000, 0x00000005dc000000, 0x00000005dc200000|  0%| F|  |TS  0|AC  0|TAMS 0x00000005dc000000, 0x00000005dc000000|
| 225|0x00000005dc200000, 0x00000005dc200000, 0x00000005dc400000|  0%| F|  |TS  0|AC  0|TAMS 0x00000005dc200000, 0x00000005dc200000|
| 226|0x00000005dc400000, 0x00000005dc400000, 0x00000005dc600000|  0%| F|  |TS  0|AC  0|TAMS 0x00000005dc400000, 0x00000005dc400000|
| 227|0x00000005dc600000, 0x00000005dc600000, 0x00000005dc800000|  0%| F|  |TS  0|AC  0|TAMS 0x00000005dc600000, 0x00000005dc600000|
| 228|0x00000005dc800000, 0x00000005dc800000, 0x00000005dca00000|  0%| F|  |TS  0|AC  0|TAMS 0x00000005dc800000, 0x00000005dc800000|
| 229|0x00000005dca00000, 0x00000005dca00000, 0x00000005dcc00000|  0%| F|  |TS  0|AC  0|TAMS 0x00000005dca00000, 0x00000005dca00000|
| 230|0x00000005dcc00000, 0x00000005dcc00000, 0x00000005dce00000|  0%| F|  |TS  0|AC  0|TAMS 0x00000005dcc00000, 0x00000005dcc00000|
| 231|0x00000005dce00000, 0x00000005dce00000, 0x00000005dd000000|  0%| F|  |TS  0|AC  0|TAMS 0x00000005dce00000, 0x00000005dce00000|
| 232|0x00000005dd000000, 0x00000005dd000000, 0x00000005dd200000|  0%| F|  |TS  0|AC  0|TAMS 0x00000005dd000000, 0x00000005dd000000|
| 233|0x00000005dd200000, 0x00000005dd200000, 0x00000005dd400000|  0%| F|  |TS  0|AC  0|TAMS 0x00000005dd200000, 0x00000005dd200000|
| 234|0x00000005dd400000, 0x00000005dd400000, 0x00000005dd600000|  0%| F|  |TS  0|AC  0|TAMS 0x00000005dd400000, 0x00000005dd400000|
| 235|0x00000005dd600000, 0x00000005dd600000, 0x00000005dd800000|  0%| F|  |TS  0|AC  0|TAMS 0x00000005dd600000, 0x00000005dd600000|
| 236|0x00000005dd800000, 0x00000005dd800000, 0x00000005dda00000|  0%| F|  |TS  0|AC  0|TAMS 0x00000005dd800000, 0x00000005dd800000|
| 237|0x00000005dda00000, 0x00000005ddc00000, 0x00000005ddc00000|100%| E|  |TS  0|AC  0|TAMS 0x00000005dda00000, 0x00000005dda00000|
| 238|0x00000005ddc00000, 0x00000005dde00000, 0x00000005dde00000|100%| E|CS|TS  0|AC  0|TAMS 0x00000005ddc00000, 0x00000005ddc00000|
| 239|0x00000005dde00000, 0x00000005de000000, 0x00000005de000000|100%| E|CS|TS  0|AC  0|TAMS 0x00000005dde00000, 0x00000005dde00000|
| 240|0x00000005de000000, 0x00000005de200000, 0x00000005de200000|100%| E|CS|TS  0|AC  0|TAMS 0x00000005de000000, 0x00000005de000000|
| 241|0x00000005de200000, 0x00000005de400000, 0x00000005de400000|100%| E|CS|TS  0|AC  0|TAMS 0x00000005de200000, 0x00000005de200000|
| 242|0x00000005de400000, 0x00000005de600000, 0x00000005de600000|100%| E|CS|TS  0|AC  0|TAMS 0x00000005de400000, 0x00000005de400000|
| 243|0x00000005de600000, 0x00000005de800000, 0x00000005de800000|100%| E|CS|TS  0|AC  0|TAMS 0x00000005de600000, 0x00000005de600000|
| 244|0x00000005de800000, 0x00000005dea00000, 0x00000005dea00000|100%| E|CS|TS  0|AC  0|TAMS 0x00000005de800000, 0x00000005de800000|
| 245|0x00000005dea00000, 0x00000005dec00000, 0x00000005dec00000|100%| E|CS|TS  0|AC  0|TAMS 0x00000005dea00000, 0x00000005dea00000|
| 246|0x00000005dec00000, 0x00000005dee00000, 0x00000005dee00000|100%| E|CS|TS  0|AC  0|TAMS 0x00000005dec00000, 0x00000005dec00000|
| 247|0x00000005dee00000, 0x00000005df000000, 0x00000005df000000|100%| E|CS|TS  0|AC  0|TAMS 0x00000005dee00000, 0x00000005dee00000|
| 248|0x00000005df000000, 0x00000005df200000, 0x00000005df200000|100%| E|CS|TS  0|AC  0|TAMS 0x00000005df000000, 0x00000005df000000|
| 249|0x00000005df200000, 0x00000005df400000, 0x00000005df400000|100%| E|CS|TS  0|AC  0|TAMS 0x00000005df200000, 0x00000005df200000|
| 250|0x00000005df400000, 0x00000005df600000, 0x00000005df600000|100%| E|CS|TS  0|AC  0|TAMS 0x00000005df400000, 0x00000005df400000|
| 251|0x00000005df600000, 0x00000005df800000, 0x00000005df800000|100%| E|CS|TS  0|AC  0|TAMS 0x00000005df600000, 0x00000005df600000|
| 252|0x00000005df800000, 0x00000005df8b3a18, 0x00000005dfa00000| 35%| S|CS|TS  0|AC  0|TAMS 0x00000005df800000, 0x00000005df800000|
| 253|0x00000005dfa00000, 0x00000005dfc00000, 0x00000005dfc00000|100%| E|CS|TS  0|AC  0|TAMS 0x00000005dfa00000, 0x00000005dfa00000|
| 254|0x00000005dfc00000, 0x00000005dfe00000, 0x00000005dfe00000|100%| E|CS|TS  0|AC  0|TAMS 0x00000005dfc00000, 0x00000005dfc00000|
| 255|0x00000005dfe00000, 0x00000005e0000000, 0x00000005e0000000|100%| E|CS|TS  0|AC  0|TAMS 0x00000005dfe00000, 0x00000005dfe00000|

Card table byte_map: [0x00000001288e7000,0x00000001298e7000] byte_map_base: 0x0000000125ae7000

Marking Bits (Prev, Next): (CMBitMap*) 0x00007fab6d02bc98, (CMBitMap*) 0x00007fab6d02bc60
 Prev Bits: [0x00000001328e7000, 0x000000013a8e7000)
 Next Bits: [0x000000012a8e7000, 0x00000001328e7000)

Polling page: 0x000000010221a000

CodeHeap 'non-profiled nmethods': size=120032Kb used=2200Kb max_used=2200Kb free=117831Kb
 bounds [0x00000001203af000, 0x000000012061f000, 0x00000001278e7000]
CodeHeap 'profiled nmethods': size=120028Kb used=10533Kb max_used=10533Kb free=109494Kb
 bounds [0x0000000118e78000, 0x00000001198c8000, 0x00000001203af000]
CodeHeap 'non-nmethods': size=5700Kb used=1316Kb max_used=1345Kb free=4383Kb
 bounds [0x00000001188e7000, 0x0000000118b57000, 0x0000000118e78000]
 total_blobs=6685 nmethods=5043 adapters=696
 compilation: enabled

Compilation events (10 events):
Event: 19.858 Thread 0x00007fab5c939000 5040       3       com.sun.javafx.geom.Vec3d::normalize (38 bytes)
Event: 19.860 Thread 0x00007fab5c939000 nmethod 5040 0x00000001198bd990 code [0x00000001198bdb60, 0x00000001198bdd90]
Event: 19.860 Thread 0x00007fab5c939000 5042       3       javafx.scene.Scene$MouseHandler::handleEnterExit (369 bytes)
Event: 19.863 Thread 0x00007fab5c939000 nmethod 5042 0x00000001198bde90 code [0x00000001198be260, 0x00000001198bffe8]
Event: 19.863 Thread 0x00007fab5c939000 5041       3       com.sun.javafx.scene.input.PickResultChooser::toPickResult (41 bytes)
Event: 19.863 Thread 0x00007fab5c939000 nmethod 5041 0x00000001198c0810 code [0x00000001198c09e0, 0x00000001198c0c68]
Event: 20.022 Thread 0x00007fab5c939000 5043       3       com.sun.javafx.geom.transform.AffineBase::deltaTransform (204 bytes)
Event: 20.023 Thread 0x00007fab5c939000 nmethod 5043 0x00000001198c0d10 code [0x00000001198c0f00, 0x00000001198c1468]
Event: 20.024 Thread 0x00007fab6d80f800 5044       4       com.sun.marlin.DRenderer::_endRendering (2473 bytes)
Event: 20.124 Thread 0x00007fab6d80f800 nmethod 5044 0x00000001205cea90 code [0x00000001205cecc0, 0x00000001205d1ed8]

GC Heap History (4 events):
Event: 1.478 GC heap before
{Heap before GC invocations=0 (full 0):
 garbage-first heap   total 524288K, used 24576K [0x00000005c0000000, 0x00000007c0000000)
  region size 2048K, 12 young (24576K), 0 survivors (0K)
 Metaspace       used 18435K, capacity 18940K, committed 19200K, reserved 1067008K
  class space    used 2086K, capacity 2303K, committed 2304K, reserved 1048576K
}
Event: 1.505 GC heap after
{Heap after GC invocations=1 (full 0):
 garbage-first heap   total 524288K, used 5494K [0x00000005c0000000, 0x00000007c0000000)
  region size 2048K, 2 young (4096K), 2 survivors (4096K)
 Metaspace       used 18435K, capacity 18940K, committed 19200K, reserved 1067008K
  class space    used 2086K, capacity 2303K, committed 2304K, reserved 1048576K
}
Event: 1.690 GC heap before
{Heap before GC invocations=1 (full 0):
 garbage-first heap   total 524288K, used 9590K [0x00000005c0000000, 0x00000007c0000000)
  region size 2048K, 5 young (10240K), 2 survivors (4096K)
 Metaspace       used 20516K, capacity 21147K, committed 21296K, reserved 1067008K
  class space    used 2543K, capacity 2835K, committed 2864K, reserved 1048576K
}
Event: 1.711 GC heap after
{Heap after GC invocations=2 (full 0):
 garbage-first heap   total 524288K, used 6280K [0x00000005c0000000, 0x00000007c0000000)
  region size 2048K, 1 young (2048K), 1 survivors (2048K)
 Metaspace       used 20516K, capacity 21147K, committed 21296K, reserved 1067008K
  class space    used 2543K, capacity 2835K, committed 2864K, reserved 1048576K
}

Deoptimization events (10 events):
Event: 12.324 Thread 0x00007fab6d14e800 Uncommon trap: reason=unstable_if action=reinterpret pc=0x0000000120587888 method=com.sun.javafx.css.StyleManager$CacheContainer.getStyleMap(I)Lcom/sun/javafx/css/StyleMap; @ 9 c2
Event: 12.324 Thread 0x00007fab6d14e800 Uncommon trap: reason=unstable_if action=reinterpret pc=0x000000012056f268 method=com.sun.javafx.css.StyleManager$CacheContainer.getStyleMap(I)Lcom/sun/javafx/css/StyleMap; @ 9 c2
Event: 12.364 Thread 0x00007fab6d14e800 Uncommon trap: reason=unstable_if action=reinterpret pc=0x0000000120413ac0 method=java.lang.String.isLatin1()Z @ 10 c2
Event: 12.364 Thread 0x00007fab6d14e800 Uncommon trap: reason=unstable_if action=reinterpret pc=0x00000001203fb0c4 method=java.lang.String.isLatin1()Z @ 10 c2
Event: 12.391 Thread 0x00007fab6d14e800 Uncommon trap: reason=class_check action=maybe_recompile pc=0x000000012059ca40 method=javafx.scene.Node$MiscProperties.getEffect()Ljavafx/scene/effect/Effect; @ 20 c2
Event: 12.392 Thread 0x00007fab6d14e800 Uncommon trap: reason=class_check action=maybe_recompile pc=0x000000012059ca40 method=javafx.scene.Node$MiscProperties.getEffect()Ljavafx/scene/effect/Effect; @ 20 c2
Event: 12.420 Thread 0x00007fab6c850800 Uncommon trap: reason=null_check action=make_not_entrant pc=0x0000000120594b54 method=com.sun.prism.es2.ES2Shader.getUniform(Ljava/lang/String;)Lcom/sun/prism/es2/ES2Shader$Uniform; @ 10 c2
Event: 12.600 Thread 0x00007fab6c850800 Uncommon trap: reason=unstable_if action=reinterpret pc=0x000000012057102c method=java.lang.Math.round(F)I @ 36 c2
Event: 15.227 Thread 0x00007fab6c850800 Uncommon trap: reason=unstable_if action=reinterpret pc=0x00000001205417c4 method=com.sun.marlin.DRenderer._endRendering(IILcom/sun/marlin/MarlinAlphaConsumer;)V @ 2410 c2
Event: 18.417 Thread 0x00007fab6d14e800 Uncommon trap: reason=unstable_if action=reinterpret pc=0x000000012059d95c method=com.sun.javafx.geom.RectBounds.deriveWithNewBounds(FFFFFF)Lcom/sun/javafx/geom/BaseBounds; @ 4 c2

Classes redefined (0 events):
No events

Internal exceptions (10 events):
Event: 5.983 Thread 0x00007fab6d14e800 Exception <a 'java/lang/NoSuchMethodError'{0x00000005de761208}: java.lang.invoke.DirectMethodHandle$Holder.invokeStatic(Ljava/lang/Object;Ljava/lang/Object;Ljava/lang/Object;ILjava/lang/Object;Ljava/lang/Object;Ljava/lang/Object;Ljava/lang/Object;)Ljava/l
Event: 5.983 Thread 0x00007fab6d14e800 Exception <a 'java/lang/NoSuchMethodError'{0x00000005de76a0c8}: method resolution failed> (0x00000005de76a0c8) thrown at [/scratch/mesos/slaves/9190d864-6621-4810-ba08-d8d8c75ba674-S34/frameworks/1735e8a2-a1db-478c-8104-60c8b0af87dd-0196/executors/f87b489
Event: 5.984 Thread 0x00007fab6d14e800 Exception <a 'java/lang/NoSuchMethodError'{0x00000005de76e4c0}: method resolution failed> (0x00000005de76e4c0) thrown at [/scratch/mesos/slaves/9190d864-6621-4810-ba08-d8d8c75ba674-S34/frameworks/1735e8a2-a1db-478c-8104-60c8b0af87dd-0196/executors/f87b489
Event: 5.996 Thread 0x00007fab6d14e800 Exception <a 'java/lang/NoSuchMethodError'{0x00000005de7982d8}: java.lang.Object.lambda$trim$0(Ljava/lang/Integer;Ljava/lang/Integer;)Lorg/reactfx/collection/MaterializedListModification;> (0x00000005de7982d8) thrown at [/scratch/mesos/slaves/9190d864-662
Event: 6.005 Thread 0x00007fab6d14e800 Exception <a 'java/lang/NoSuchMethodError'{0x00000005de7b2de8}: java.lang.Object.lambda$multiPlainChanges$0(Lorg/fxmisc/richtext/model/RichTextChange;)Z> (0x00000005de7b2de8) thrown at [/scratch/mesos/slaves/9190d864-6621-4810-ba08-d8d8c75ba674-S34/framew
Event: 6.006 Thread 0x00007fab6d14e800 Exception <a 'java/lang/NoSuchMethodError'{0x00000005de7b8bc0}: java.lang.Object.lambda$multiPlainChanges$1(I)[Lorg/fxmisc/richtext/model/PlainTextChange;> (0x00000005de7b8bc0) thrown at [/scratch/mesos/slaves/9190d864-6621-4810-ba08-d8d8c75ba674-S34/fram
Event: 6.041 Thread 0x00007fab6d14e800 Exception <a 'java/lang/NoSuchMethodError'{0x00000005de41f250}: method resolution failed> (0x00000005de41f250) thrown at [/scratch/mesos/slaves/9190d864-6621-4810-ba08-d8d8c75ba674-S34/frameworks/1735e8a2-a1db-478c-8104-60c8b0af87dd-0196/executors/f87b489
Event: 6.085 Thread 0x00007fab6d14e800 Exception <a 'java/lang/NoSuchMethodError'{0x00000005de439bb0}: java.lang.invoke.DirectMethodHandle$Holder.invokeVirtual(Ljava/lang/Object;Ljava/lang/Object;)I> (0x00000005de439bb0) thrown at [/scratch/mesos/slaves/9190d864-6621-4810-ba08-d8d8c75ba674-S34
Event: 7.350 Thread 0x00007fab5c9d4000 Exception <a 'java/lang/NoSuchMethodError'{0x00000005de5ad168}: method resolution failed> (0x00000005de5ad168) thrown at [/scratch/mesos/slaves/9190d864-6621-4810-ba08-d8d8c75ba674-S34/frameworks/1735e8a2-a1db-478c-8104-60c8b0af87dd-0196/executors/f87b489
Event: 12.420 Thread 0x00007fab6c850800 Implicit null exception at 0x0000000120594779 to 0x0000000120594b45

Events (10 events):
Event: 15.227 Thread 0x00007fab6c850800 Uncommon trap: trap_request=0xffffff55 fr.pc=0x00000001205417c4 relative=0x0000000000002f04
Event: 15.227 Thread 0x00007fab6c850800 DEOPT PACKING pc=0x00000001205417c4 sp=0x000000030ab2ac80
Event: 15.227 Thread 0x00007fab6c850800 DEOPT UNPACKING pc=0x000000011890e71f sp=0x000000030ab2aab8 mode 2
Event: 15.822 Thread 0x00007fab6c850800 DEOPT PACKING pc=0x000000011989e946 sp=0x000000030ab2abd0
Event: 15.822 Thread 0x00007fab6c850800 DEOPT UNPACKING pc=0x000000011890e52b sp=0x000000030ab29fb8 mode 0
Event: 18.417 Thread 0x00007fab6d14e800 Uncommon trap: trap_request=0xffffff55 fr.pc=0x000000012059d95c relative=0x0000000000000ffc
Event: 18.418 Thread 0x00007fab6d14e800 DEOPT PACKING pc=0x000000012059d95c sp=0x000000030862d070
Event: 18.418 Thread 0x00007fab6d14e800 DEOPT UNPACKING pc=0x000000011890e71f sp=0x000000030862cf28 mode 2
Event: 20.024 Thread 0x00007fab6c850800 DEOPT PACKING pc=0x000000011989e8b8 sp=0x000000030ab2abd0
Event: 20.024 Thread 0x00007fab6c850800 DEOPT UNPACKING pc=0x000000011890e52b sp=0x000000030ab29fb8 mode 0


Dynamic libraries:
0x00007ff833aa6000 	/System/Library/Frameworks/Cocoa.framework/Versions/A/Cocoa
0x00007ff81f1a1000 	/System/Library/Frameworks/AppKit.framework/Versions/C/AppKit
0x00007ff82270b000 	/System/Library/Frameworks/CoreData.framework/Versions/A/CoreData
0x00007ff81d5ad000 	/System/Library/Frameworks/Foundation.framework/Versions/C/Foundation
0x00007ff82798d000 	/usr/lib/libSystem.B.dylib
0x00007ff82002f000 	/System/Library/PrivateFrameworks/UIFoundation.framework/Versions/A/UIFoundation
0x00007ff82d9ac000 	/System/Library/PrivateFrameworks/RemoteViewServices.framework/Versions/A/RemoteViewServices
0x00007ff825c50000 	/System/Library/PrivateFrameworks/XCTTargetBootstrap.framework/Versions/A/XCTTargetBootstrap
0x00007ff829852000 	/System/Library/PrivateFrameworks/InternationalSupport.framework/Versions/A/InternationalSupport
0x00007ff8298dc000 	/System/Library/PrivateFrameworks/UserActivity.framework/Versions/A/UserActivity
0x00007ff828c36000 	/usr/lib/libspindump.dylib
0x00007ff8202bd000 	/System/Library/Frameworks/UniformTypeIdentifiers.framework/Versions/A/UniformTypeIdentifiers
0x00007ff824379000 	/usr/lib/libapp_launch_measurement.dylib
0x00007ff8230ec000 	/System/Library/PrivateFrameworks/CoreAnalytics.framework/Versions/A/CoreAnalytics
0x00007ff82437c000 	/System/Library/PrivateFrameworks/CoreAutoLayout.framework/Versions/A/CoreAutoLayout
0x00007ff8255aa000 	/System/Library/Frameworks/Metal.framework/Versions/A/Metal
0x00007ff8262d6000 	/usr/lib/liblangid.dylib
0x00007ff825c55000 	/System/Library/PrivateFrameworks/CoreSVG.framework/Versions/A/CoreSVG
0x00007ff8216a4000 	/System/Library/PrivateFrameworks/SkyLight.framework/Versions/A/SkyLight
0x00007ff821a42000 	/System/Library/Frameworks/CoreGraphics.framework/Versions/A/CoreGraphics
0x00007ff82e06c000 	/System/Library/Frameworks/Accelerate.framework/Versions/A/Accelerate
0x00007ff8286b5000 	/System/Library/PrivateFrameworks/IconServices.framework/Versions/A/IconServices
0x00007ff82558f000 	/System/Library/Frameworks/IOSurface.framework/Versions/A/IOSurface
0x00007ff82311a000 	/usr/lib/libDiagnosticMessagesClient.dylib
0x00007ff8278a7000 	/usr/lib/libz.1.dylib
0x00007ff83174f000 	/System/Library/Frameworks/ApplicationServices.framework/Versions/A/ApplicationServices
0x00007ff825c3c000 	/System/Library/PrivateFrameworks/DFRFoundation.framework/Versions/A/DFRFoundation
0x00007ff81ea89000 	/usr/lib/libicucore.A.dylib
0x00007ff82a647000 	/System/Library/Frameworks/AudioToolbox.framework/Versions/A/AudioToolbox
0x00007ff82985e000 	/System/Library/PrivateFrameworks/DataDetectorsCore.framework/Versions/A/DataDetectorsCore
0x00007ff925830000 	/System/Library/PrivateFrameworks/TextInput.framework/Versions/A/TextInput
0x00007ff821627000 	/usr/lib/libMobileGestalt.dylib
0x00007ff825948000 	/System/Library/Frameworks/Carbon.framework/Versions/A/Frameworks/HIToolbox.framework/Versions/A/HIToolbox
0x00007ff823d7f000 	/System/Library/Frameworks/QuartzCore.framework/Versions/A/QuartzCore
0x00007ff81e730000 	/System/Library/Frameworks/Security.framework/Versions/A/Security
0x00007ff82d9e4000 	/System/Library/Frameworks/Carbon.framework/Versions/A/Frameworks/SpeechRecognition.framework/Versions/A/SpeechRecognition
0x00007ff8240d9000 	/System/Library/PrivateFrameworks/CoreUI.framework/Versions/A/CoreUI
0x00007ff81dffc000 	/System/Library/Frameworks/CoreAudio.framework/Versions/A/CoreAudio
0x00007ff823209000 	/System/Library/Frameworks/DiskArbitration.framework/Versions/A/DiskArbitration
0x00007ff829022000 	/System/Library/PrivateFrameworks/MultitouchSupport.framework/Versions/A/MultitouchSupport
0x00007ff821626000 	/usr/lib/libenergytrace.dylib
0x00007ff81f08d000 	/System/Library/Frameworks/IOKit.framework/Versions/A/IOKit
0x00007ff82ddd4000 	/System/Library/Frameworks/CoreServices.framework/Versions/A/CoreServices
0x00007ff824313000 	/System/Library/PrivateFrameworks/PerformanceAnalysis.framework/Versions/A/PerformanceAnalysis
0x00007ffa34c3c000 	/System/Library/Frameworks/OpenGL.framework/Versions/A/OpenGL
0x00007ff826ec1000 	/System/Library/PrivateFrameworks/MobileKeyBag.framework/Versions/A/MobileKeyBag
0x00007ff81c64a000 	/usr/lib/libobjc.A.dylib
0x00007ff82216c000 	/System/Library/Frameworks/ColorSync.framework/Versions/A/ColorSync
0x00007ff81c804000 	/System/Library/Frameworks/CoreFoundation.framework/Versions/A/CoreFoundation
0x00007ff825ecc000 	/System/Library/Frameworks/CoreImage.framework/Versions/A/CoreImage
0x00007ff81de14000 	/System/Library/Frameworks/CoreText.framework/Versions/A/CoreText
0x00007ff825c85000 	/System/Library/Frameworks/ImageIO.framework/Versions/A/ImageIO
0x00007ff827993000 	/System/Library/PrivateFrameworks/SoftLinking.framework/Versions/A/SoftLinking
0x00007ff8243c4000 	/usr/lib/libxml2.2.dylib
0x00007ff81c710000 	/usr/lib/libc++.1.dylib
0x00007ff827c14000 	/usr/lib/libcompression.dylib
0x00007ff829785000 	/System/Library/PrivateFrameworks/TextureIO.framework/Versions/A/TextureIO
0x00007ff82832e000 	/usr/lib/libate.dylib
0x00007ff827988000 	/usr/lib/system/libcache.dylib
0x00007ff827944000 	/usr/lib/system/libcommonCrypto.dylib
0x00007ff82796d000 	/usr/lib/system/libcompiler_rt.dylib
0x00007ff827963000 	/usr/lib/system/libcopyfile.dylib
0x00007ff81c545000 	/usr/lib/system/libcorecrypto.dylib
0x00007ff81c603000 	/usr/lib/system/libdispatch.dylib
0x00007ff81c7c3000 	/usr/lib/system/libdyld.dylib
0x00007ff82797f000 	/usr/lib/system/libkeymgr.dylib
0x00007ff827922000 	/usr/lib/system/libmacho.dylib
0x00007ff826f9b000 	/usr/lib/system/libquarantine.dylib
0x00007ff82797d000 	/usr/lib/system/libremovefile.dylib
0x00007ff821674000 	/usr/lib/system/libsystem_asl.dylib
0x00007ff81c4ee000 	/usr/lib/system/libsystem_blocks.dylib
0x00007ff81c687000 	/usr/lib/system/libsystem_c.dylib
0x00007ff827975000 	/usr/lib/system/libsystem_collections.dylib
0x00007ff8262c6000 	/usr/lib/system/libsystem_configuration.dylib
0x00007ff825572000 	/usr/lib/system/libsystem_containermanager.dylib
0x00007ff827655000 	/usr/lib/system/libsystem_coreservices.dylib
0x00007ff81ed1d000 	/usr/lib/system/libsystem_darwin.dylib
0x00007ff827980000 	/usr/lib/system/libsystem_dnssd.dylib
0x00007ff81c684000 	/usr/lib/system/libsystem_featureflags.dylib
0x00007ff81c7d9000 	/usr/lib/system/libsystem_info.dylib
0x00007ff8278ba000 	/usr/lib/system/libsystem_m.dylib
0x00007ff81c5d7000 	/usr/lib/system/libsystem_malloc.dylib
0x00007ff82160f000 	/usr/lib/system/libsystem_networkextension.dylib
0x00007ff81f143000 	/usr/lib/system/libsystem_notify.dylib
0x00007ff82dca9000 	/usr/lib/system/libsystem_product_info_filter.dylib
0x00007ff8262ca000 	/usr/lib/system/libsystem_sandbox.dylib
0x00007ff82797a000 	/usr/lib/system/libsystem_secinit.dylib
0x00007ff81c77f000 	/usr/lib/system/libsystem_kernel.dylib
0x00007ff81c7cf000 	/usr/lib/system/libsystem_platform.dylib
0x00007ff81c7b7000 	/usr/lib/system/libsystem_pthread.dylib
0x00007ff822f2c000 	/usr/lib/system/libsystem_symptoms.dylib
0x00007ff81c52c000 	/usr/lib/system/libsystem_trace.dylib
0x00007ff827950000 	/usr/lib/system/libunwind.dylib
0x00007ff81c4f0000 	/usr/lib/system/libxpc.dylib
0x00007ff81c769000 	/usr/lib/libc++abi.dylib
0x00007ff82795b000 	/usr/lib/liboah.dylib
0x00007ff8280ec000 	/usr/lib/liblzma.5.dylib
0x00007ff81d2c0000 	/System/Library/Frameworks/SystemConfiguration.framework/Versions/A/SystemConfiguration
0x00007ff82798f000 	/usr/lib/libfakelink.dylib
0x00007ff821180000 	/System/Library/Frameworks/CFNetwork.framework/Versions/A/CFNetwork
0x00007ff827ad0000 	/usr/lib/libarchive.2.dylib
0x00007ff8262d2000 	/System/Library/PrivateFrameworks/AppleSystemInfo.framework/Versions/A/AppleSystemInfo
0x00007ff826fc2000 	/usr/lib/libbsm.0.dylib
0x00007ff820793000 	/usr/lib/libnetwork.dylib
0x00007ff827928000 	/usr/lib/system/libkxld.dylib
0x00007ff826bee000 	/System/Library/PrivateFrameworks/IOMobileFramebuffer.framework/Versions/A/IOMobileFramebuffer
0x00007ffb34325000 	/usr/lib/libCoreEntitlements.dylib
0x00007ff827637000 	/System/Library/PrivateFrameworks/AppleFSCompression.framework/Versions/A/AppleFSCompression
0x00007ff826faa000 	/usr/lib/libcoretls.dylib
0x00007ff828106000 	/usr/lib/libcoretls_cfhelpers.dylib
0x00007ff827c0f000 	/usr/lib/libpam.2.dylib
0x00007ff822b4f000 	/usr/lib/libsqlite3.dylib
0x00007ff828175000 	/usr/lib/libxar.1.dylib
0x00007ff827647000 	/usr/lib/libbz2.1.0.dylib
0x00007ff827994000 	/usr/lib/libpcap.A.dylib
0x00007ff822f24000 	/usr/lib/libdns_services.dylib
0x00007ff827be2000 	/usr/lib/libapple_nghttp2.dylib
0x00007ff8279ce000 	/usr/lib/libiconv.2.dylib
0x00007ff827921000 	/usr/lib/libcharset.1.dylib
0x00007ff824347000 	/System/Library/Frameworks/CoreServices.framework/Versions/A/Frameworks/FSEvents.framework/Versions/A/FSEvents
0x00007ff81ed27000 	/System/Library/Frameworks/CoreServices.framework/Versions/A/Frameworks/CarbonCore.framework/Versions/A/CarbonCore
0x00007ff82316d000 	/System/Library/Frameworks/CoreServices.framework/Versions/A/Frameworks/Metadata.framework/Versions/A/Metadata
0x00007ff82765a000 	/System/Library/Frameworks/CoreServices.framework/Versions/A/Frameworks/OSServices.framework/Versions/A/OSServices
0x00007ff827b57000 	/System/Library/Frameworks/CoreServices.framework/Versions/A/Frameworks/SearchKit.framework/Versions/A/SearchKit
0x00007ff822eb7000 	/System/Library/Frameworks/CoreServices.framework/Versions/A/Frameworks/AE.framework/Versions/A/AE
0x00007ff81cd05000 	/System/Library/Frameworks/CoreServices.framework/Versions/A/Frameworks/LaunchServices.framework/Versions/A/LaunchServices
0x00007ff82809d000 	/System/Library/Frameworks/CoreServices.framework/Versions/A/Frameworks/DictionaryServices.framework/Versions/A/DictionaryServices
0x00007ff824354000 	/System/Library/Frameworks/CoreServices.framework/Versions/A/Frameworks/SharedFileList.framework/Versions/A/SharedFileList
0x00007ff826f9e000 	/usr/lib/libCheckFix.dylib
0x00007ff82168b000 	/System/Library/PrivateFrameworks/TCC.framework/Versions/A/TCC
0x00007ff8262d8000 	/System/Library/PrivateFrameworks/CoreNLP.framework/Versions/A/CoreNLP
0x00007ff82311d000 	/System/Library/PrivateFrameworks/MetadataUtilities.framework/Versions/A/MetadataUtilities
0x00007ff81d370000 	/usr/lib/libmecabra.dylib
0x00007ff826fd2000 	/usr/lib/libmecab.dylib
0x00007ff81d33b000 	/usr/lib/libCRFSuite.dylib
0x00007ff82702c000 	/usr/lib/libgermantok.dylib
0x00007ff827bbd000 	/usr/lib/libThaiTokenizer.dylib
0x00007ff823210000 	/System/Library/Frameworks/Accelerate.framework/Versions/A/Frameworks/vImage.framework/Versions/A/vImage
0x00007ff82ddab000 	/System/Library/Frameworks/Accelerate.framework/Versions/A/Frameworks/vecLib.framework/Versions/A/vecLib
0x00007ff8281b6000 	/System/Library/Frameworks/Accelerate.framework/Versions/A/Frameworks/vecLib.framework/Versions/A/libvMisc.dylib
0x00007ff8269ed000 	/System/Library/Frameworks/Accelerate.framework/Versions/A/Frameworks/vecLib.framework/Versions/A/libvDSP.dylib
0x00007ff81d07f000 	/System/Library/Frameworks/Accelerate.framework/Versions/A/Frameworks/vecLib.framework/Versions/A/libBLAS.dylib
0x00007ff827cf2000 	/System/Library/Frameworks/Accelerate.framework/Versions/A/Frameworks/vecLib.framework/Versions/A/libLAPACK.dylib
0x00007ff82702f000 	/System/Library/Frameworks/Accelerate.framework/Versions/A/Frameworks/vecLib.framework/Versions/A/libLinearAlgebra.dylib
0x00007ff827bfa000 	/System/Library/Frameworks/Accelerate.framework/Versions/A/Frameworks/vecLib.framework/Versions/A/libSparseBLAS.dylib
0x00007ff827cec000 	/System/Library/Frameworks/Accelerate.framework/Versions/A/Frameworks/vecLib.framework/Versions/A/libQuadrature.dylib
0x00007ff8263c3000 	/System/Library/Frameworks/Accelerate.framework/Versions/A/Frameworks/vecLib.framework/Versions/A/libBNNS.dylib
0x00007ff81d251000 	/System/Library/Frameworks/Accelerate.framework/Versions/A/Frameworks/vecLib.framework/Versions/A/libSparse.dylib
0x00007ff8263bc000 	/System/Library/PrivateFrameworks/LinguisticData.framework/Versions/A/LinguisticData
0x00007ff81d207000 	/System/Library/PrivateFrameworks/Lexicon.framework/Versions/A/Lexicon
0x00007ff8281af000 	/usr/lib/libChineseTokenizer.dylib
0x00007ff81d969000 	/System/Library/PrivateFrameworks/LanguageModeling.framework/Versions/A/LanguageModeling
0x00007ff827bbf000 	/System/Library/PrivateFrameworks/AppleSauce.framework/Versions/A/AppleSauce
0x00007ff826bdc000 	/System/Library/PrivateFrameworks/CoreEmoji.framework/Versions/A/CoreEmoji
0x00007ff827abf000 	/usr/lib/libcmph.dylib
0x00007ff82432b000 	/System/Library/Frameworks/OpenDirectory.framework/Versions/A/Frameworks/CFOpenDirectory.framework/Versions/A/CFOpenDirectory
0x00007ff82431f000 	/System/Library/Frameworks/OpenDirectory.framework/Versions/A/OpenDirectory
0x00007ff828108000 	/System/Library/PrivateFrameworks/APFS.framework/Versions/A/APFS
0x00007ff826ef9000 	/System/Library/Frameworks/SecurityFoundation.framework/Versions/A/SecurityFoundation
0x00007ff828183000 	/usr/lib/libutil.dylib
0x00007ff81f051000 	/System/Library/PrivateFrameworks/CoreServicesStore.framework/Versions/A/CoreServicesStore
0x00007ff828187000 	/usr/lib/libxslt.1.dylib
0x00007ff826f86000 	/System/Library/PrivateFrameworks/BackgroundTaskManagement.framework/Versions/A/BackgroundTaskManagement
0x00007ff8296a6000 	/System/Library/Frameworks/ImageIO.framework/Versions/A/Resources/libRadiance.dylib
0x00007ff8296af000 	/System/Library/Frameworks/ImageIO.framework/Versions/A/Resources/libJPEG.dylib
0x00007ff829601000 	/System/Library/Frameworks/ImageIO.framework/Versions/A/Resources/libPng.dylib
0x00007ff829622000 	/System/Library/Frameworks/ImageIO.framework/Versions/A/Resources/libTIFF.dylib
0x00007ff82970e000 	/System/Library/Frameworks/ImageIO.framework/Versions/A/Resources/libGIF.dylib
0x00007ff828f3e000 	/System/Library/Frameworks/ImageIO.framework/Versions/A/Resources/libJP2.dylib
0x00007ff82867c000 	/usr/lib/libexpat.1.dylib
0x00007ff828ef3000 	/System/Library/PrivateFrameworks/AppleJPEG.framework/Versions/A/AppleJPEG
0x00007ff82580c000 	/System/Library/PrivateFrameworks/FontServices.framework/libFontParser.dylib
0x00007ff822e61000 	/System/Library/PrivateFrameworks/RunningBoardServices.framework/Versions/A/RunningBoardServices
0x00007ff83405e000 	/System/Library/PrivateFrameworks/IOSurfaceAccelerator.framework/Versions/A/IOSurfaceAccelerator
0x00007ff82901e000 	/System/Library/PrivateFrameworks/WatchdogClient.framework/Versions/A/WatchdogClient
0x00007ff81da57000 	/System/Library/Frameworks/CoreDisplay.framework/Versions/A/CoreDisplay
0x00007ff82570a000 	/System/Library/Frameworks/CoreMedia.framework/Versions/A/CoreMedia
0x00007ff8255a1000 	/System/Library/PrivateFrameworks/IOAccelerator.framework/Versions/A/IOAccelerator
0x00007ff8244a8000 	/System/Library/Frameworks/CoreVideo.framework/Versions/A/CoreVideo
0x00007ff827c0d000 	/System/Library/Frameworks/MetalPerformanceShaders.framework/Versions/A/MetalPerformanceShaders
0x00007ff82905b000 	/System/Library/Frameworks/VideoToolbox.framework/Versions/A/VideoToolbox
0x00007ff822dab000 	/System/Library/PrivateFrameworks/BaseBoard.framework/Versions/A/BaseBoard
0x00007ff822b35000 	/System/Library/PrivateFrameworks/ProtocolBuffer.framework/Versions/A/ProtocolBuffer
0x00007ff82969f000 	/System/Library/PrivateFrameworks/GPUWrangler.framework/Versions/A/GPUWrangler
0x00007ff829683000 	/System/Library/PrivateFrameworks/IOPresentment.framework/Versions/A/IOPresentment
0x00007ff8296a9000 	/System/Library/PrivateFrameworks/DSExternalDisplay.framework/Versions/A/DSExternalDisplay
0x00007ffa34c30000 	/System/Library/Frameworks/OpenGL.framework/Versions/A/Libraries/libCoreFSCache.dylib
0x00007ffb21ace000 	/System/Library/PrivateFrameworks/GPUCompiler.framework/Versions/31001/Libraries/libGPUCompilerUtils.dylib
0x00007ff829713000 	/System/Library/PrivateFrameworks/CMCaptureCore.framework/Versions/A/CMCaptureCore
0x00007ff828c24000 	/System/Library/PrivateFrameworks/AppServerSupport.framework/Versions/A/AppServerSupport
0x00007ff82aedf000 	/System/Library/PrivateFrameworks/perfdata.framework/Versions/A/perfdata
0x00007ff81db83000 	/System/Library/PrivateFrameworks/AudioToolboxCore.framework/Versions/A/AudioToolboxCore
0x00007ff8256e8000 	/System/Library/PrivateFrameworks/caulk.framework/Versions/A/caulk
0x00007ff82a7f1000 	/usr/lib/libAudioStatistics.dylib
0x00007ff921fde000 	/System/Library/PrivateFrameworks/SystemPolicy.framework/Versions/A/SystemPolicy
0x00007ff82aa4c000 	/usr/lib/libSMC.dylib
0x00007ff833959000 	/System/Library/Frameworks/CoreMIDI.framework/Versions/A/CoreMIDI
0x00007ff8295d0000 	/usr/lib/libAudioToolboxUtility.dylib
0x00007ff91e281000 	/System/Library/PrivateFrameworks/OSAServicesClient.framework/Versions/A/OSAServicesClient
0x00007ff82aeec000 	/usr/lib/libperfcheck.dylib
0x00007ff922a88000 	/usr/lib/libmis.dylib
0x00007ffa34c8b000 	/System/Library/Frameworks/OpenGL.framework/Versions/A/Libraries/libGLU.dylib
0x00007ffa34c4f000 	/System/Library/Frameworks/OpenGL.framework/Versions/A/Libraries/libGFXShared.dylib
0x00007ffa34e58000 	/System/Library/Frameworks/OpenGL.framework/Versions/A/Libraries/libGL.dylib
0x00007ffa34c58000 	/System/Library/Frameworks/OpenGL.framework/Versions/A/Libraries/libGLImage.dylib
0x00007ffa34c4c000 	/System/Library/Frameworks/OpenGL.framework/Versions/A/Libraries/libCVMSPluginSupport.dylib
0x00007ffa34c37000 	/System/Library/Frameworks/OpenGL.framework/Versions/A/Libraries/libCoreVMClient.dylib
0x00007ff826254000 	/System/Library/Frameworks/MetalPerformanceShaders.framework/Versions/A/Frameworks/MPSCore.framework/Versions/A/MPSCore
0x00007ff8275a2000 	/System/Library/Frameworks/MetalPerformanceShaders.framework/Versions/A/Frameworks/MPSImage.framework/Versions/A/MPSImage
0x00007ff827045000 	/System/Library/Frameworks/MetalPerformanceShaders.framework/Versions/A/Frameworks/MPSNeuralNetwork.framework/Versions/A/MPSNeuralNetwork
0x00007ff8274b9000 	/System/Library/Frameworks/MetalPerformanceShaders.framework/Versions/A/Frameworks/MPSMatrix.framework/Versions/A/MPSMatrix
0x00007ff827274000 	/System/Library/Frameworks/MetalPerformanceShaders.framework/Versions/A/Frameworks/MPSRayIntersector.framework/Versions/A/MPSRayIntersector
0x00007ff8274f1000 	/System/Library/Frameworks/MetalPerformanceShaders.framework/Versions/A/Frameworks/MPSNDArray.framework/Versions/A/MPSNDArray
0x00007ffa39bb8000 	/System/Library/Frameworks/MetalPerformanceShaders.framework/Versions/A/Frameworks/MPSFunctions.framework/Versions/A/MPSFunctions
0x00007ff81cf5c000 	/System/Library/PrivateFrameworks/MetalTools.framework/Versions/A/MetalTools
0x00007ff8262d0000 	/System/Library/PrivateFrameworks/AggregateDictionary.framework/Versions/A/AggregateDictionary
0x00007ff82845e000 	/usr/lib/libIOReport.dylib
0x00007ffa36267000 	/System/Library/Frameworks/OpenCL.framework/Versions/A/OpenCL
0x00007ff8287c2000 	/System/Library/PrivateFrameworks/FaceCore.framework/Versions/A/FaceCore
0x00007ff8287b3000 	/System/Library/PrivateFrameworks/GraphVisualizer.framework/Versions/A/GraphVisualizer
0x00007ffb219d9000 	/System/Library/PrivateFrameworks/FontServices.framework/Versions/A/FontServices
0x00007ff828bdc000 	/System/Library/PrivateFrameworks/OTSVG.framework/Versions/A/OTSVG
0x00007ff82408f000 	/System/Library/Frameworks/ApplicationServices.framework/Versions/A/Frameworks/ATS.framework/Versions/A/Resources/libFontRegistry.dylib
0x00007ff828c2c000 	/System/Library/PrivateFrameworks/FontServices.framework/libhvf.dylib
0x00007ffb219da000 	/System/Library/PrivateFrameworks/FontServices.framework/libXTFontStaticRegistryData.dylib
0x00007ff82862c000 	/System/Library/PrivateFrameworks/AppleVA.framework/Versions/A/AppleVA
0x00007ff82a811000 	/System/Library/Frameworks/ApplicationServices.framework/Versions/A/Frameworks/ATS.framework/Versions/A/ATS
0x00007ff822268000 	/System/Library/Frameworks/ApplicationServices.framework/Versions/A/Frameworks/HIServices.framework/Versions/A/HIServices
0x00007ff82971d000 	/System/Library/Frameworks/ApplicationServices.framework/Versions/A/Frameworks/PrintCore.framework/Versions/A/PrintCore
0x00007ff82ab9f000 	/System/Library/Frameworks/ApplicationServices.framework/Versions/A/Frameworks/QD.framework/Versions/A/QD
0x00007ff82ab97000 	/System/Library/Frameworks/ApplicationServices.framework/Versions/A/Frameworks/ColorSyncLegacy.framework/Versions/A/ColorSyncLegacy
0x00007ff82a801000 	/System/Library/Frameworks/ApplicationServices.framework/Versions/A/Frameworks/SpeechSynthesis.framework/Versions/A/SpeechSynthesis
0x00007ff8296de000 	/System/Library/Frameworks/ApplicationServices.framework/Versions/A/Frameworks/ATSUI.framework/Versions/A/ATSUI
0x00007ff82ab2c000 	/usr/lib/libcups.2.dylib
0x00007ff82aefb000 	/System/Library/Frameworks/Kerberos.framework/Versions/A/Kerberos
0x00007ff82af0a000 	/System/Library/Frameworks/GSS.framework/Versions/A/GSS
0x00007ff82a87d000 	/usr/lib/libresolv.9.dylib
0x00007ff828c3b000 	/System/Library/PrivateFrameworks/Heimdal.framework/Versions/A/Heimdal
0x00007ff831ad7000 	/System/Library/Frameworks/Kerberos.framework/Versions/A/Libraries/libHeimdalProxy.dylib
0x00007ff822f34000 	/System/Library/Frameworks/Network.framework/Versions/A/Network
0x00007ff828696000 	/usr/lib/libheimdal-asn1.dylib
0x00007ff82af55000 	/System/Library/PrivateFrameworks/CommonAuth.framework/Versions/A/CommonAuth
0x00007ff82a783000 	/System/Library/PrivateFrameworks/AudioSession.framework/Versions/A/AudioSession
0x00007ff828726000 	/System/Library/PrivateFrameworks/MediaExperience.framework/Versions/A/MediaExperience
0x00007ff82a616000 	/System/Library/PrivateFrameworks/AudioSession.framework/libSessionUtility.dylib
0x00007ff82abab000 	/System/Library/PrivateFrameworks/AudioResourceArbitration.framework/Versions/A/AudioResourceArbitration
0x00007ff82ec1e000 	/System/Library/PrivateFrameworks/PowerLog.framework/Versions/A/PowerLog
0x00007ff82869f000 	/System/Library/PrivateFrameworks/IconFoundation.framework/Versions/A/IconFoundation
0x00007ff82d9d4000 	/System/Library/PrivateFrameworks/SpeechRecognitionCore.framework/Versions/A/SpeechRecognitionCore
0x000000010b5d0000 	/Library/Java/JavaVirtualMachines/jdk-10.0.2.jdk/Contents/Home/lib/server/libjvm.dylib
0x00007ffb34dcd000 	/usr/lib/libstdc++.6.dylib
0x000000010a88c000 	/Library/Java/JavaVirtualMachines/jdk-10.0.2.jdk/Contents/Home/lib/libverify.dylib
0x000000010a92d000 	/Library/Java/JavaVirtualMachines/jdk-10.0.2.jdk/Contents/Home/lib/libjava.dylib
0x000000010a9a1000 	/Library/Java/JavaVirtualMachines/jdk-10.0.2.jdk/Contents/Home/lib/libinstrument.dylib
0x000000010a901000 	/Library/Java/JavaVirtualMachines/jdk-10.0.2.jdk/Contents/Home/lib/libzip.dylib
0x000000010a917000 	/Library/Java/JavaVirtualMachines/jdk-10.0.2.jdk/Contents/Home/lib/libjimage.dylib
0x000000010a8c1000 	/Library/Java/JavaVirtualMachines/jdk-10.0.2.jdk/Contents/Home/lib/libnio.dylib
0x000000010b0f5000 	/Library/Java/JavaVirtualMachines/jdk-10.0.2.jdk/Contents/Home/lib/libnet.dylib
0x000000010b2b2000 	/Library/Java/JavaVirtualMachines/jdk-10.0.2.jdk/Contents/Home/lib/libprism_es2.dylib
0x00007ff81f013000 	/System/Library/PrivateFrameworks/CoreServicesInternal.framework/Versions/A/CoreServicesInternal
0x00007ffa34e63000 	/System/Library/Frameworks/OpenGL.framework/Versions/A/Resources/GLEngine.bundle/GLEngine
0x00007ffa34cc9000 	/System/Library/Frameworks/OpenGL.framework/Versions/A/Libraries/libGLProgrammability.dylib
0x000000013f45d000 	/System/Library/Extensions/AppleMetalOpenGLRenderer.bundle/Contents/MacOS/AppleMetalOpenGLRenderer
0x00007ffa34fed000 	/System/Library/Frameworks/OpenGL.framework/Versions/A/Resources/GLRendererFloat.bundle/GLRendererFloat
0x00007ffa2b838000 	/System/Library/Extensions/AGXMetalG13X.bundle/Contents/MacOS/AGXMetalG13X
0x00007ff922aa3000 	/System/Library/PrivateFrameworks/GPURawCounter.framework/Versions/A/GPURawCounter
0x00007ff91d429000 	/System/Library/PrivateFrameworks/IOGPU.framework/Versions/A/IOGPU
0x000000013f674000 	/Library/Java/JavaVirtualMachines/jdk-10.0.2.jdk/Contents/Home/lib/libglass.dylib
0x00007ff82f20f000 	/System/Library/Frameworks/FileProvider.framework/Versions/A/FileProvider
0x00007ff822d18000 	/System/Library/Frameworks/Accounts.framework/Versions/A/Accounts
0x00007ff82f388000 	/System/Library/PrivateFrameworks/GenerationalStorage.framework/Versions/A/GenerationalStorage
0x00007ff82fe9b000 	/System/Library/PrivateFrameworks/CoreSymbolication.framework/Versions/A/CoreSymbolication
0x00007ff82ec13000 	/System/Library/PrivateFrameworks/SymptomDiagnosticReporter.framework/Versions/A/SymptomDiagnosticReporter
0x00007ff8202d1000 	/System/Library/PrivateFrameworks/DesktopServicesPriv.framework/Versions/A/DesktopServicesPriv
0x00007ff81f152000 	/usr/lib/libsandbox.1.dylib
0x00007ff824527000 	/System/Library/PrivateFrameworks/UserManagement.framework/Versions/A/UserManagement
0x00007ff82fe60000 	/System/Library/PrivateFrameworks/DebugSymbols.framework/Versions/A/DebugSymbols
0x00007ff82ab8c000 	/System/Library/PrivateFrameworks/NetAuth.framework/Versions/A/NetAuth
0x00007ff82ba99000 	/System/Library/PrivateFrameworks/Sharing.framework/Versions/A/Sharing
0x00007ff8244fa000 	/System/Library/PrivateFrameworks/login.framework/Versions/A/Frameworks/loginsupport.framework/Versions/A/loginsupport
0x00007ff830ffe000 	/System/Library/PrivateFrameworks/Apple80211.framework/Versions/A/Apple80211
0x00007ff827687000 	/System/Library/PrivateFrameworks/AuthKit.framework/Versions/A/AuthKit
0x00007ff826cd2000 	/System/Library/PrivateFrameworks/CoreUtils.framework/Versions/A/CoreUtils
0x00007ff826bf9000 	/System/Library/Frameworks/CoreWLAN.framework/Versions/A/CoreWLAN
0x00007ff82bbf8000 	/System/Library/Frameworks/IOBluetooth.framework/Versions/A/IOBluetooth
0x00007ff831066000 	/System/Library/PrivateFrameworks/CoreWiFi.framework/Versions/A/CoreWiFi
0x00007ff82fa32000 	/System/Library/PrivateFrameworks/FrontBoardServices.framework/Versions/A/FrontBoardServices
0x00007ff82fac3000 	/System/Library/PrivateFrameworks/BoardServices.framework/Versions/A/BoardServices
0x00007ff826ee8000 	/System/Library/PrivateFrameworks/AssertionServices.framework/Versions/A/AssertionServices
0x00007ff8311e9000 	/System/Library/PrivateFrameworks/BackBoardServices.framework/Versions/A/BackBoardServices
0x00007ff82afe6000 	/System/Library/PrivateFrameworks/CorePhoneNumbers.framework/Versions/A/CorePhoneNumbers
0x00007ff82ed30000 	/System/Library/PrivateFrameworks/DiskManagement.framework/Versions/A/DiskManagement
0x00007ff82ec44000 	/System/Library/PrivateFrameworks/AppleIDAuthSupport.framework/Versions/A/AppleIDAuthSupport
0x00007ffa3c179000 	/System/Library/PrivateFrameworks/AAAFoundation.framework/Versions/A/AAAFoundation
0x00007ff82afc7000 	/System/Library/PrivateFrameworks/KeychainCircle.framework/Versions/A/KeychainCircle
0x00007ff82ecfc000 	/System/Library/PrivateFrameworks/MediaKit.framework/Versions/A/MediaKit
0x00007ff82ec50000 	/System/Library/Frameworks/DiscRecording.framework/Versions/A/DiscRecording
0x00007ff8285a4000 	/usr/lib/libCoreStorage.dylib
0x00007ff8314d7000 	/usr/lib/libcsfde.dylib
0x00007ff82bcc5000 	/System/Library/PrivateFrameworks/ProtectedCloudStorage.framework/Versions/A/ProtectedCloudStorage
0x00007ff8314d3000 	/System/Library/PrivateFrameworks/EFILogin.framework/Versions/A/EFILogin
0x00007ff82f3ae000 	/System/Library/PrivateFrameworks/OctagonTrust.framework/Versions/A/OctagonTrust
0x00007ffb20c48000 	/System/Library/PrivateFrameworks/CoreUtilsExtras.framework/Versions/A/CoreUtilsExtras
0x00007ff82eb77000 	/System/Library/Frameworks/CoreBluetooth.framework/Versions/A/CoreBluetooth
0x00007ff831b5c000 	/System/Library/Frameworks/AudioUnit.framework/Versions/A/AudioUnit
0x00007ff82859c000 	/usr/lib/libMatch.1.dylib
0x00007ff927061000 	/System/Library/Frameworks/Accelerate.framework/Versions/A/Frameworks/vImage.framework/Versions/A/Libraries/libCGInterfaces.dylib
0x000000010aff0000 	/usr/lib/libobjc-trampolines.dylib
0x00007ff82421f000 	/System/Library/PrivateFrameworks/ViewBridge.framework/Versions/A/ViewBridge
0x0000000142c57000 	/Library/Java/JavaVirtualMachines/jdk-10.0.2.jdk/Contents/Home/lib/libjavafx_font.dylib
0x0000000142cf5000 	/Library/Java/JavaVirtualMachines/jdk-10.0.2.jdk/Contents/Home/lib/libawt.dylib
0x0000000142e3c000 	/Library/Java/JavaVirtualMachines/jdk-10.0.2.jdk/Contents/Home/lib/libmlib_image.dylib
0x00007ffa39b15000 	/System/Library/Frameworks/JavaNativeFoundation.framework/Versions/A/JavaNativeFoundation
0x00007ffa39b21000 	/System/Library/Frameworks/JavaRuntimeSupport.framework/Versions/A/JavaRuntimeSupport
0x00007ff921b03000 	/System/Library/Frameworks/Carbon.framework/Versions/A/Carbon
0x00007ff8353ec000 	/System/Library/Frameworks/Carbon.framework/Versions/A/Frameworks/CommonPanels.framework/Versions/A/CommonPanels
0x00007ff8314cf000 	/System/Library/Frameworks/Carbon.framework/Versions/A/Frameworks/Help.framework/Versions/A/Help
0x00007ff8353f0000 	/System/Library/Frameworks/Carbon.framework/Versions/A/Frameworks/ImageCapture.framework/Versions/A/ImageCapture
0x00007ff8353c0000 	/System/Library/Frameworks/Carbon.framework/Versions/A/Frameworks/OpenScripting.framework/Versions/A/OpenScripting
0x00007ff8353e8000 	/System/Library/Frameworks/Carbon.framework/Versions/A/Frameworks/Ink.framework/Versions/A/Ink
0x00007ff921aff000 	/System/Library/Frameworks/Carbon.framework/Versions/A/Frameworks/Print.framework/Versions/A/Print
0x00007ff8353e4000 	/System/Library/Frameworks/Carbon.framework/Versions/A/Frameworks/SecurityHI.framework/Versions/A/SecurityHI
0x0000000142fc0000 	/Library/Java/JavaVirtualMachines/jdk-10.0.2.jdk/Contents/Home/lib/libawt_lwawt.dylib
0x0000000142c8d000 	/Library/Java/JavaVirtualMachines/jdk-10.0.2.jdk/Contents/Home/lib/libosxapp.dylib
0x00007ff920eed000 	/System/Library/Frameworks/ExceptionHandling.framework/Versions/A/ExceptionHandling
0x000000014333d000 	/Library/Java/JavaVirtualMachines/jdk-10.0.2.jdk/Contents/Home/lib/libfontmanager.dylib
0x00007ffb34434000 	/usr/lib/libRosetta.dylib
0x00007ff828cf2000 	/System/Library/PrivateFrameworks/login.framework/Versions/A/login
0x00007ff82e0f0000 	/System/Library/PrivateFrameworks/SystemAdministration.framework/Versions/A/SystemAdministration
0x00007ff829947000 	/System/Library/Frameworks/MediaToolbox.framework/Versions/A/MediaToolbox
0x00007ff82d9a0000 	/System/Library/Frameworks/DirectoryService.framework/Versions/A/DirectoryService
0x00007ff831375000 	/System/Library/PrivateFrameworks/DiskImages.framework/Versions/A/DiskImages
0x00007ff826f90000 	/System/Library/Frameworks/ServiceManagement.framework/Versions/A/ServiceManagement
0x00007ff831551000 	/System/Library/PrivateFrameworks/LoginUIKit.framework/Versions/A/Frameworks/LoginUICore.framework/Versions/A/LoginUICore
0x00007ff828e9b000 	/usr/lib/libodfde.dylib
0x00007ff82f1df000 	/System/Library/PrivateFrameworks/CoreAVCHD.framework/Versions/A/CoreAVCHD
0x00007ff82e0b4000 	/System/Library/Frameworks/MediaAccessibility.framework/Versions/A/MediaAccessibility
0x00007ff82f1db000 	/System/Library/PrivateFrameworks/Mangrove.framework/Versions/A/Mangrove
0x00007ff82e0bf000 	/System/Library/PrivateFrameworks/AlgosScoreFramework.framework/Versions/A/AlgosScoreFramework
0x00007ffb1df42000 	/System/Library/PrivateFrameworks/CMPhoto.framework/Versions/A/CMPhoto
0x00007ff82fd36000 	/System/Library/PrivateFrameworks/AppleVPA.framework/Versions/A/AppleVPA
0x00007ff82ee20000 	/System/Library/PrivateFrameworks/CoreAUC.framework/Versions/A/CoreAUC
0x00007ff8314e3000 	/usr/lib/libcurl.4.dylib
0x00007ffb348a0000 	/usr/lib/libcrypto.46.dylib
0x00007ffb34d91000 	/usr/lib/libssl.48.dylib
0x00007ff831207000 	/System/Library/Frameworks/LDAP.framework/Versions/A/LDAP
0x00007ff83123f000 	/System/Library/PrivateFrameworks/TrustEvaluationAgent.framework/Versions/A/TrustEvaluationAgent
0x00007ff82a896000 	/usr/lib/libsasl2.2.dylib
0x00007ff82e0e4000 	/System/Library/PrivateFrameworks/CoreDaemon.framework/Versions/B/CoreDaemon
0x00007ff82e0df000 	/System/Library/PrivateFrameworks/AppleSRP.framework/Versions/A/AppleSRP


VM Arguments:
jvm_args: -javaagent:/Applications/IntelliJ IDEA.app/Contents/lib/idea_rt.jar=57139:/Applications/IntelliJ IDEA.app/Contents/bin -Dfile.encoding=UTF-8 
java_command: proj10LoverudeTymkiwCorrell.Main
java_class_path (initial): /Users/tymkiwinky23/cs361_project6/out/production/cs361_project5:/Users/tymkiwinky23/cs361_project6/richtextfx-fat-0.10.9.jar
Launcher Type: SUN_STANDARD

Logging:
Log output configuration:
#0: stdout all=warning uptime,level,tags
#1: stderr all=off uptime,level,tags

Environment Variables:
PATH=/opt/homebrew/bin:/Library/Frameworks/Python.framework/Versions/3.10/bin:/usr/local/bin:/usr/bin:/bin:/usr/sbin:/sbin
SHELL=/bin/zsh

Signal Handlers:
SIGSEGV: [libjvm.dylib+0x79ac14], sa_mask[0]=11111111111111111111111111111111, sa_flags=SA_ONSTACK|SA_RESTART|SA_SIGINFO
SIGBUS: [libjvm.dylib+0x79ac14], sa_mask[0]=11111111111111111111111111111111, sa_flags=SA_RESTART|SA_SIGINFO
SIGFPE: [libjvm.dylib+0x79ac14], sa_mask[0]=11111111111111111111111111111111, sa_flags=SA_RESTART|SA_SIGINFO
SIGPIPE: [libjvm.dylib+0x635960], sa_mask[0]=11111111111111111111111111111111, sa_flags=SA_RESTART|SA_SIGINFO
SIGXFSZ: [libjvm.dylib+0x635960], sa_mask[0]=11111111111111111111111111111111, sa_flags=SA_RESTART|SA_SIGINFO
SIGILL: [libjvm.dylib+0x79ac14], sa_mask[0]=11111111111111111111111111111111, sa_flags=SA_RESTART|SA_SIGINFO
SIGUSR2: [libjvm.dylib+0x6361f0], sa_mask[0]=00100000000000000000000000000000, sa_flags=SA_RESTART|SA_SIGINFO
SIGHUP: [libjvm.dylib+0x6349db], sa_mask[0]=11111111111111111111111111111111, sa_flags=SA_RESTART|SA_SIGINFO
SIGINT: [libjvm.dylib+0x6349db], sa_mask[0]=11111111111111111111111111111111, sa_flags=SA_RESTART|SA_SIGINFO
SIGTERM: [libjvm.dylib+0x6349db], sa_mask[0]=11111111111111111111111111111111, sa_flags=SA_RESTART|SA_SIGINFO
SIGQUIT: [libjvm.dylib+0x6349db], sa_mask[0]=11111111111111111111111111111111, sa_flags=SA_RESTART|SA_SIGINFO


---------------  S Y S T E M  ---------------

OS:uname:Darwin 21.4.0 Darwin Kernel Version 21.4.0: Mon Feb 21 20:35:58 PST 2022; root:xnu-8020.101.4~2/RELEASE_ARM64_T6000 x86_64
rlimit: STACK 8176k, CORE 0k, NPROC 5333, NOFILE 10240, AS infinity, DATA infinity, FSIZE infinity
load average:2.39 2.27 2.39

CPU:total 8 (initial active 8) (1 cores per cpu, 1 threads per core) family 6 model 44 stepping 0, cmov, cx8, fxsr, mmx, sse, sse2, sse3, ssse3, sse4.1, sse4.2, popcnt, aes, clmul, tsc, tscinvbit, tscinv

Memory: 4k page, physical 33554432k(112280k free)

vm_info: Java HotSpot(TM) 64-Bit Server VM (10.0.2+13) for bsd-amd64 JRE (10.0.2+13), built on Jun 28 2018 00:49:51 by "mach5one" with gcc 4.2.1 Compatible Apple LLVM 6.1.0 (clang-602.0.49)

END.
